<?xml version="1.0" encoding="UTF-8"?>
<testsuites name="TS_Login_DDT" time="54.51" tests="3" failures="0" errors="0">
   <testsuite name="TS_Login_DDT" tests="3" failures="0" errors="0" time="54.51" skipped="0" timestamp="2023-09-24 17:06:20" hostname="pc - DESKTOP-EUSNTBE" id="Test Suites/TS_QuizWeek3/TS_Login_DDT">
      <properties>
         <property name="deviceName" value=""/>
         <property name="devicePlatform" value=""/>
         <property name="logFolder" value="C:\\Users\\pc\\Katalon Studio\\Sanbercode-Katalon-MuhammadHendraFeraldi\\Reports\\20230924_170617\\TS_QuizWeek3\\TS_Login_DDT\\20230924_170617"/>
         <property name="logFiles" value="C:\\Users\\pc\\Katalon Studio\\Sanbercode-Katalon-MuhammadHendraFeraldi\\Reports\\20230924_170617\\TS_QuizWeek3\\TS_Login_DDT\\20230924_170617\\execution0.log"/>
         <property name="attachments" value=""/>
         <property name="hostName" value="pc - DESKTOP-EUSNTBE"/>
         <property name="os" value="Windows 10 64bit"/>
         <property name="katalonVersion" value="8.6.8.208"/>
         <property name="browser" value="Firefox 117.0"/>
         <property name="hostAddress" value="192.168.1.3"/>
         <property name="sessionId" value="9e052b98-77a9-4bf0-9ef5-c49288f01fea"/>
         <property name="seleniumVersion" value="3.141.59"/>
         <property name="proxyInformation" value="ProxyInformation { proxyOption=NO_PROXY, proxyServerType=HTTP, username=, password=********, proxyServerAddress=, proxyServerPort=0, executionList=&quot;&quot;, isApplyToDesiredCapabilities=true }"/>
         <property name="platform" value="Windows 10"/>
      </properties>
      <testcase name="Test Cases/TC_QuizWeek3/TestScenarios_QuizWeek3/Demoblaze_login/TC_Login_Positive-Case" time="13.608" classname="Test Cases/TC_QuizWeek3/TestScenarios_QuizWeek3/Demoblaze_login/TC_Login_Positive-Case" status="PASSED">
         <system-out><![CDATA[2023-09-24 17:06:20 - [TEST_CASE][PASSED] - Test Cases/TC_QuizWeek3/TestScenarios_QuizWeek3/Demoblaze_login/TC_Login_Positive-Case: Test Cases/TC_QuizWeek3/TestScenarios_QuizWeek3/Demoblaze_login/TC_Login_Positive-Case

2023-09-24 17:06:21 - [TEST_STEP][PASSED] - openBrowser(baseURL): Browser is opened with url: 'https://demoblaze.com/'

2023-09-24 17:06:21 - [MESSAGE][INFO] - Starting 'Firefox' driver

2023-09-24 17:06:22 - [MESSAGE][INFO] - Action delay is set to 0 milliseconds

2023-09-24 17:06:27 - [MESSAGE][PASSED] - Browser is opened with url: 'https://demoblaze.com/'

2023-09-24 17:06:27 - [TEST_STEP][PASSED] - setViewPortSize(ViewPortWidth, ViewPortHeight): Viewport is set to new size with width = 1500 and height = 880

2023-09-24 17:06:27 - [MESSAGE][PASSED] - Viewport is set to new size with width = 1500 and height = 880

2023-09-24 17:06:27 - [TEST_STEP][PASSED] - click(findTestObject("Obj Spy/login/click_Login")): Object: 'Object Repository/Obj Spy/login/click_Login' is clicked on

2023-09-24 17:06:28 - [MESSAGE][PASSED] - Object: 'Object Repository/Obj Spy/login/click_Login' is clicked on

2023-09-24 17:06:28 - [TEST_STEP][PASSED] - waitForElementPresent(findTestObject("Obj Spy/login/click_Login"), 0): Object 'Object Repository/Obj Spy/login/click_Login' is present

2023-09-24 17:06:28 - [MESSAGE][WARNING] - Timeout '0' is invalid. Using default page load timeout: '10'

2023-09-24 17:06:29 - [MESSAGE][PASSED] - Object 'Object Repository/Obj Spy/login/click_Login' is present

2023-09-24 17:06:29 - [TEST_STEP][PASSED] - setText(findTestObject("Obj Spy/login/inpt_Username_login"), UsernameLogin): Text 'mencobabuatakun' is set on object 'Object Repository/Obj Spy/login/inpt_Username_login'

2023-09-24 17:06:30 - [MESSAGE][PASSED] - Text 'mencobabuatakun' is set on object 'Object Repository/Obj Spy/login/inpt_Username_login'

2023-09-24 17:06:30 - [TEST_STEP][PASSED] - setText(findTestObject("Obj Spy/login/inpt_Password_login"), PasswordLogin): Text 'sedangmencoba' is set on object 'Object Repository/Obj Spy/login/inpt_Password_login'

2023-09-24 17:06:30 - [MESSAGE][PASSED] - Text 'sedangmencoba' is set on object 'Object Repository/Obj Spy/login/inpt_Password_login'

2023-09-24 17:06:30 - [TEST_STEP][PASSED] - click(findTestObject("Obj Spy/login/btn_Login")): Object: 'Object Repository/Obj Spy/login/btn_Login' is clicked on

2023-09-24 17:06:31 - [MESSAGE][PASSED] - Object: 'Object Repository/Obj Spy/login/btn_Login' is clicked on

2023-09-24 17:06:31 - [TEST_STEP][PASSED] - waitForElementVisible(findTestObject("Obj Spy/login/lbl_Welcome"), 0): Object 'Object Repository/Obj Spy/login/lbl_Welcome' is visible

2023-09-24 17:06:31 - [MESSAGE][WARNING] - Timeout '0' is invalid. Using default page load timeout: '10'

2023-09-24 17:06:32 - [MESSAGE][PASSED] - Object 'Object Repository/Obj Spy/login/lbl_Welcome' is visible

2023-09-24 17:06:32 - [TEST_STEP][PASSED] - verifyElementPresent(findTestObject("Obj Spy/login/btn_Logout"), 0): Object 'Object Repository/Obj Spy/login/btn_Logout' is present

2023-09-24 17:06:32 - [MESSAGE][WARNING] - Timeout '0' is invalid. Using default page load timeout: '10'

2023-09-24 17:06:33 - [MESSAGE][PASSED] - Object 'Object Repository/Obj Spy/login/btn_Logout' is present

2023-09-24 17:06:33 - [TEST_STEP][PASSED] - closeBrowser(): Browser is closed

2023-09-24 17:06:34 - [MESSAGE][PASSED] - Browser is closed]]></system-out>
         <system-err><![CDATA[]]></system-err>
      </testcase>
      <testcase name="Test Cases/TC_QuizWeek3/TestScenarios_QuizWeek3/Demoblaze_login/TC_Login_Positive-Case" time="20.617" classname="Test Cases/TC_QuizWeek3/TestScenarios_QuizWeek3/Demoblaze_login/TC_Login_Positive-Case" status="PASSED">
         <system-out><![CDATA[2023-09-24 17:06:34 - [TEST_CASE][PASSED] - Test Cases/TC_QuizWeek3/TestScenarios_QuizWeek3/Demoblaze_login/TC_Login_Positive-Case: Test Cases/TC_QuizWeek3/TestScenarios_QuizWeek3/Demoblaze_login/TC_Login_Positive-Case

2023-09-24 17:06:34 - [TEST_STEP][PASSED] - openBrowser(baseURL): Browser is opened with url: 'https://demoblaze.com/'

2023-09-24 17:06:34 - [MESSAGE][INFO] - Starting 'Firefox' driver

2023-09-24 17:06:34 - [MESSAGE][INFO] - Action delay is set to 0 milliseconds

2023-09-24 17:06:38 - [MESSAGE][PASSED] - Browser is opened with url: 'https://demoblaze.com/'

2023-09-24 17:06:38 - [TEST_STEP][PASSED] - setViewPortSize(ViewPortWidth, ViewPortHeight): Viewport is set to new size with width = 1500 and height = 880

2023-09-24 17:06:39 - [MESSAGE][PASSED] - Viewport is set to new size with width = 1500 and height = 880

2023-09-24 17:06:39 - [TEST_STEP][PASSED] - click(findTestObject("Obj Spy/login/click_Login")): Object: 'Object Repository/Obj Spy/login/click_Login' is clicked on

2023-09-24 17:06:40 - [MESSAGE][PASSED] - Object: 'Object Repository/Obj Spy/login/click_Login' is clicked on

2023-09-24 17:06:40 - [TEST_STEP][PASSED] - waitForElementPresent(findTestObject("Obj Spy/login/click_Login"), 0): Object 'Object Repository/Obj Spy/login/click_Login' is present

2023-09-24 17:06:40 - [MESSAGE][WARNING] - Timeout '0' is invalid. Using default page load timeout: '10'

2023-09-24 17:06:41 - [MESSAGE][PASSED] - Object 'Object Repository/Obj Spy/login/click_Login' is present

2023-09-24 17:06:41 - [TEST_STEP][PASSED] - setText(findTestObject("Obj Spy/login/inpt_Username_login"), UsernameLogin): Text 'salahusernamenyainii' is set on object 'Object Repository/Obj Spy/login/inpt_Username_login'

2023-09-24 17:06:41 - [MESSAGE][PASSED] - Text 'salahusernamenyainii' is set on object 'Object Repository/Obj Spy/login/inpt_Username_login'

2023-09-24 17:06:41 - [TEST_STEP][PASSED] - setText(findTestObject("Obj Spy/login/inpt_Password_login"), PasswordLogin): Text 'sedangmencoba' is set on object 'Object Repository/Obj Spy/login/inpt_Password_login'

2023-09-24 17:06:42 - [MESSAGE][PASSED] - Text 'sedangmencoba' is set on object 'Object Repository/Obj Spy/login/inpt_Password_login'

2023-09-24 17:06:42 - [TEST_STEP][PASSED] - click(findTestObject("Obj Spy/login/btn_Login")): Object: 'Object Repository/Obj Spy/login/btn_Login' is clicked on

2023-09-24 17:06:42 - [MESSAGE][PASSED] - Object: 'Object Repository/Obj Spy/login/btn_Login' is clicked on

2023-09-24 17:06:42 - [TEST_STEP][PASSED] - waitForElementVisible(findTestObject("Obj Spy/login/lbl_Welcome"), 0): Object 'Object Repository/Obj Spy/login/lbl_Welcome' is not visible after 10 second(s)

2023-09-24 17:06:42 - [MESSAGE][WARNING] - Timeout '0' is invalid. Using default page load timeout: '10'

2023-09-24 17:06:53 - [MESSAGE][WARNING] - Object 'Object Repository/Obj Spy/login/lbl_Welcome' is not visible after 10 second(s)

2023-09-24 17:06:53 - [TEST_STEP][PASSED] - verifyElementPresent(findTestObject("Obj Spy/login/btn_Logout"), 0): Object 'Object Repository/Obj Spy/login/btn_Logout' is present

2023-09-24 17:06:53 - [MESSAGE][WARNING] - Timeout '0' is invalid. Using default page load timeout: '10'

2023-09-24 17:06:53 - [MESSAGE][PASSED] - Object 'Object Repository/Obj Spy/login/btn_Logout' is present

2023-09-24 17:06:53 - [TEST_STEP][PASSED] - closeBrowser(): Browser is closed

2023-09-24 17:06:54 - [MESSAGE][PASSED] - Browser is closed]]></system-out>
         <system-err><![CDATA[]]></system-err>
      </testcase>
      <testcase name="Test Cases/TC_QuizWeek3/TestScenarios_QuizWeek3/Demoblaze_login/TC_Login_Positive-Case" time="19.802" classname="Test Cases/TC_QuizWeek3/TestScenarios_QuizWeek3/Demoblaze_login/TC_Login_Positive-Case" status="PASSED">
         <system-out><![CDATA[2023-09-24 17:06:54 - [TEST_CASE][PASSED] - Test Cases/TC_QuizWeek3/TestScenarios_QuizWeek3/Demoblaze_login/TC_Login_Positive-Case: Test Cases/TC_QuizWeek3/TestScenarios_QuizWeek3/Demoblaze_login/TC_Login_Positive-Case

2023-09-24 17:06:54 - [TEST_STEP][PASSED] - openBrowser(baseURL): Browser is opened with url: 'https://demoblaze.com/'

2023-09-24 17:06:54 - [MESSAGE][INFO] - Starting 'Firefox' driver

2023-09-24 17:06:54 - [MESSAGE][INFO] - Action delay is set to 0 milliseconds

2023-09-24 17:06:59 - [MESSAGE][PASSED] - Browser is opened with url: 'https://demoblaze.com/'

2023-09-24 17:06:59 - [TEST_STEP][PASSED] - setViewPortSize(ViewPortWidth, ViewPortHeight): Viewport is set to new size with width = 1500 and height = 880

2023-09-24 17:06:59 - [MESSAGE][PASSED] - Viewport is set to new size with width = 1500 and height = 880

2023-09-24 17:06:59 - [TEST_STEP][PASSED] - click(findTestObject("Obj Spy/login/click_Login")): Object: 'Object Repository/Obj Spy/login/click_Login' is clicked on

2023-09-24 17:07:00 - [MESSAGE][PASSED] - Object: 'Object Repository/Obj Spy/login/click_Login' is clicked on

2023-09-24 17:07:00 - [TEST_STEP][PASSED] - waitForElementPresent(findTestObject("Obj Spy/login/click_Login"), 0): Object 'Object Repository/Obj Spy/login/click_Login' is present

2023-09-24 17:07:00 - [MESSAGE][WARNING] - Timeout '0' is invalid. Using default page load timeout: '10'

2023-09-24 17:07:01 - [MESSAGE][PASSED] - Object 'Object Repository/Obj Spy/login/click_Login' is present

2023-09-24 17:07:01 - [TEST_STEP][PASSED] - setText(findTestObject("Obj Spy/login/inpt_Username_login"), UsernameLogin): Text 'other username' is set on object 'Object Repository/Obj Spy/login/inpt_Username_login'

2023-09-24 17:07:01 - [MESSAGE][PASSED] - Text 'other username' is set on object 'Object Repository/Obj Spy/login/inpt_Username_login'

2023-09-24 17:07:01 - [TEST_STEP][PASSED] - setText(findTestObject("Obj Spy/login/inpt_Password_login"), PasswordLogin): Text 'salahpassword' is set on object 'Object Repository/Obj Spy/login/inpt_Password_login'

2023-09-24 17:07:02 - [MESSAGE][PASSED] - Text 'salahpassword' is set on object 'Object Repository/Obj Spy/login/inpt_Password_login'

2023-09-24 17:07:02 - [TEST_STEP][PASSED] - click(findTestObject("Obj Spy/login/btn_Login")): Object: 'Object Repository/Obj Spy/login/btn_Login' is clicked on

2023-09-24 17:07:02 - [MESSAGE][PASSED] - Object: 'Object Repository/Obj Spy/login/btn_Login' is clicked on

2023-09-24 17:07:02 - [TEST_STEP][PASSED] - waitForElementVisible(findTestObject("Obj Spy/login/lbl_Welcome"), 0): Object 'Object Repository/Obj Spy/login/lbl_Welcome' is not visible after 10 second(s)

2023-09-24 17:07:02 - [MESSAGE][WARNING] - Timeout '0' is invalid. Using default page load timeout: '10'

2023-09-24 17:07:13 - [MESSAGE][WARNING] - Object 'Object Repository/Obj Spy/login/lbl_Welcome' is not visible after 10 second(s)

2023-09-24 17:07:13 - [TEST_STEP][PASSED] - verifyElementPresent(findTestObject("Obj Spy/login/btn_Logout"), 0): Object 'Object Repository/Obj Spy/login/btn_Logout' is present

2023-09-24 17:07:13 - [MESSAGE][WARNING] - Timeout '0' is invalid. Using default page load timeout: '10'

2023-09-24 17:07:13 - [MESSAGE][PASSED] - Object 'Object Repository/Obj Spy/login/btn_Logout' is present

2023-09-24 17:07:13 - [TEST_STEP][PASSED] - closeBrowser(): Browser is closed

2023-09-24 17:07:14 - [MESSAGE][PASSED] - Browser is closed]]></system-out>
         <system-err><![CDATA[]]></system-err>
      </testcase>
      <system-out><![CDATA[2023-09-24 17:06:20 - [TEST_SUITE][PASSED] - TS_Login_DDT: Test Cases/TC_QuizWeek3/TestScenarios_QuizWeek3/Demoblaze_login/TC_Login_Positive-Case]]></system-out>
      <system-err><![CDATA[]]></system-err>
   </testsuite>
</testsuites>
