<?xml version="1.0" encoding="UTF-8"?>
<testsuites name="TS_PurchaseProduct" time="52.234" tests="2" failures="0" errors="0">
   <testsuite name="TS_PurchaseProduct" tests="2" failures="0" errors="0" time="52.234" skipped="0" timestamp="2023-09-24 16:16:02" hostname="pc - DESKTOP-EUSNTBE" id="Test Suites/TS_QuizWeek3/TS_PurchaseProduct">
      <properties>
         <property name="deviceName" value=""/>
         <property name="devicePlatform" value=""/>
         <property name="logFolder" value="C:\\Users\\pc\\Katalon Studio\\Sanbercode-Katalon-MuhammadHendraFeraldi\\Reports\\20230924_161558\\TS_QuizWeek3\\TS_PurchaseProduct\\20230924_161559"/>
         <property name="logFiles" value="C:\\Users\\pc\\Katalon Studio\\Sanbercode-Katalon-MuhammadHendraFeraldi\\Reports\\20230924_161558\\TS_QuizWeek3\\TS_PurchaseProduct\\20230924_161559\\execution0.log"/>
         <property name="attachments" value=""/>
         <property name="hostName" value="pc - DESKTOP-EUSNTBE"/>
         <property name="os" value="Windows 10 64bit"/>
         <property name="katalonVersion" value="8.6.8.208"/>
         <property name="browser" value="Firefox 117.0"/>
         <property name="hostAddress" value="192.168.1.3"/>
         <property name="sessionId" value="0ef21d7e-1c07-4b54-8f9b-762d242924f0"/>
         <property name="seleniumVersion" value="3.141.59"/>
         <property name="proxyInformation" value="ProxyInformation { proxyOption=NO_PROXY, proxyServerType=HTTP, username=, password=********, proxyServerAddress=, proxyServerPort=0, executionList=&quot;&quot;, isApplyToDesiredCapabilities=true }"/>
         <property name="platform" value="Windows 10"/>
      </properties>
      <testcase name="Test Cases/TC_QuizWeek3/TestScenarios_QuizWeek3/DemoBlaze_PurchaseProduct/TC_PurchaseProduct_Positive-Case" time="21.504" classname="Test Cases/TC_QuizWeek3/TestScenarios_QuizWeek3/DemoBlaze_PurchaseProduct/TC_PurchaseProduct_Positive-Case" status="PASSED">
         <system-out><![CDATA[2023-09-24 16:16:03 - [TEST_CASE][PASSED] - Test Cases/TC_QuizWeek3/TestScenarios_QuizWeek3/DemoBlaze_PurchaseProduct/TC_PurchaseProduct_Positive-Case: Test Cases/TC_QuizWeek3/TestScenarios_QuizWeek3/DemoBlaze_PurchaseProduct/TC_PurchaseProduct_Positive-Case

2023-09-24 16:16:03 - [TEST_STEP][PASSED] - openBrowser(baseURL): Browser is opened with url: 'https://demoblaze.com/'

2023-09-24 16:16:04 - [MESSAGE][INFO] - Starting 'Firefox' driver

2023-09-24 16:16:04 - [MESSAGE][INFO] - Action delay is set to 0 milliseconds

2023-09-24 16:16:10 - [MESSAGE][PASSED] - Browser is opened with url: 'https://demoblaze.com/'

2023-09-24 16:16:10 - [TEST_STEP][PASSED] - setViewPortSize(ViewPortWidth, ViewPortHeight): Viewport is set to new size with width = 1500 and height = 880

2023-09-24 16:16:10 - [MESSAGE][PASSED] - Viewport is set to new size with width = 1500 and height = 880

2023-09-24 16:16:10 - [TEST_STEP][PASSED] - click(findTestObject("Obj Spy/Purchase_product/addProduct_SamsungS6")): Object: 'Object Repository/Obj Spy/Purchase_product/addProduct_SamsungS6' is clicked on

2023-09-24 16:16:12 - [MESSAGE][PASSED] - Object: 'Object Repository/Obj Spy/Purchase_product/addProduct_SamsungS6' is clicked on

2023-09-24 16:16:12 - [TEST_STEP][PASSED] - waitForElementVisible(findTestObject("Obj Spy/Purchase_product/lbl_Product"), 0): Object 'Object Repository/Obj Spy/Purchase_product/lbl_Product' is visible

2023-09-24 16:16:12 - [MESSAGE][WARNING] - Timeout '0' is invalid. Using default page load timeout: '10'

2023-09-24 16:16:13 - [MESSAGE][PASSED] - Object 'Object Repository/Obj Spy/Purchase_product/lbl_Product' is visible

2023-09-24 16:16:13 - [TEST_STEP][PASSED] - click(findTestObject("Obj Spy/Purchase_product/click_AddToCart")): Object: 'Object Repository/Obj Spy/Purchase_product/click_AddToCart' is clicked on

2023-09-24 16:16:14 - [MESSAGE][PASSED] - Object: 'Object Repository/Obj Spy/Purchase_product/click_AddToCart' is clicked on

2023-09-24 16:16:14 - [TEST_STEP][PASSED] - waitForElementVisible(findTestObject("Obj Spy/Purchase_product/click_Cart"), 0): Object 'Object Repository/Obj Spy/Purchase_product/click_Cart' is visible

2023-09-24 16:16:14 - [MESSAGE][WARNING] - Timeout '0' is invalid. Using default page load timeout: '10'

2023-09-24 16:16:14 - [MESSAGE][PASSED] - Object 'Object Repository/Obj Spy/Purchase_product/click_Cart' is visible

2023-09-24 16:16:14 - [TEST_STEP][PASSED] - click(findTestObject("Obj Spy/Purchase_product/click_Cart")): Object: 'Object Repository/Obj Spy/Purchase_product/click_Cart' is clicked on

2023-09-24 16:16:15 - [MESSAGE][PASSED] - Object: 'Object Repository/Obj Spy/Purchase_product/click_Cart' is clicked on

2023-09-24 16:16:15 - [TEST_STEP][PASSED] - waitForElementVisible(findTestObject("Obj Spy/Purchase_product/lbl_Cart"), 0): Object 'Object Repository/Obj Spy/Purchase_product/lbl_Cart' is visible

2023-09-24 16:16:15 - [MESSAGE][WARNING] - Timeout '0' is invalid. Using default page load timeout: '10'

2023-09-24 16:16:17 - [MESSAGE][PASSED] - Object 'Object Repository/Obj Spy/Purchase_product/lbl_Cart' is visible

2023-09-24 16:16:17 - [TEST_STEP][PASSED] - click(findTestObject("Obj Spy/Purchase_product/btn_PlaceOrder")): Object: 'Object Repository/Obj Spy/Purchase_product/btn_PlaceOrder' is clicked on

2023-09-24 16:16:17 - [MESSAGE][PASSED] - Object: 'Object Repository/Obj Spy/Purchase_product/btn_PlaceOrder' is clicked on

2023-09-24 16:16:17 - [TEST_STEP][PASSED] - waitForElementVisible(findTestObject("Obj Spy/Purchase_product/lbl_PlaceOrder"), 0): Object 'Object Repository/Obj Spy/Purchase_product/lbl_PlaceOrder' is visible

2023-09-24 16:16:17 - [MESSAGE][WARNING] - Timeout '0' is invalid. Using default page load timeout: '10'

2023-09-24 16:16:18 - [MESSAGE][PASSED] - Object 'Object Repository/Obj Spy/Purchase_product/lbl_PlaceOrder' is visible

2023-09-24 16:16:18 - [TEST_STEP][PASSED] - setText(findTestObject("Obj Spy/Purchase_product/inpt_Name"), customer_name): Text 'lex' is set on object 'Object Repository/Obj Spy/Purchase_product/inpt_Name'

2023-09-24 16:16:18 - [MESSAGE][PASSED] - Text 'lex' is set on object 'Object Repository/Obj Spy/Purchase_product/inpt_Name'

2023-09-24 16:16:18 - [TEST_STEP][PASSED] - setText(findTestObject("Obj Spy/Purchase_product/inpt_Country"), customer_country): Text 'spain' is set on object 'Object Repository/Obj Spy/Purchase_product/inpt_Country'

2023-09-24 16:16:19 - [MESSAGE][PASSED] - Text 'spain' is set on object 'Object Repository/Obj Spy/Purchase_product/inpt_Country'

2023-09-24 16:16:19 - [TEST_STEP][PASSED] - setText(findTestObject("Obj Spy/Purchase_product/inpt_City"), customer_city): Text 'madrid' is set on object 'Object Repository/Obj Spy/Purchase_product/inpt_City'

2023-09-24 16:16:20 - [MESSAGE][PASSED] - Text 'madrid' is set on object 'Object Repository/Obj Spy/Purchase_product/inpt_City'

2023-09-24 16:16:20 - [TEST_STEP][PASSED] - setText(findTestObject("Obj Spy/Purchase_product/inpt_CreditCard"), customer_creditCard): Text '0102030405' is set on object 'Object Repository/Obj Spy/Purchase_product/inpt_CreditCard'

2023-09-24 16:16:20 - [MESSAGE][PASSED] - Text '0102030405' is set on object 'Object Repository/Obj Spy/Purchase_product/inpt_CreditCard'

2023-09-24 16:16:20 - [TEST_STEP][PASSED] - setText(findTestObject("Obj Spy/Purchase_product/inpt_Month"), customer_month): Text 'may' is set on object 'Object Repository/Obj Spy/Purchase_product/inpt_Month'

2023-09-24 16:16:21 - [MESSAGE][PASSED] - Text 'may' is set on object 'Object Repository/Obj Spy/Purchase_product/inpt_Month'

2023-09-24 16:16:21 - [TEST_STEP][PASSED] - setText(findTestObject("Obj Spy/Purchase_product/inpt_Year"), customer_year): Text '2023' is set on object 'Object Repository/Obj Spy/Purchase_product/inpt_Year'

2023-09-24 16:16:21 - [MESSAGE][PASSED] - Text '2023' is set on object 'Object Repository/Obj Spy/Purchase_product/inpt_Year'

2023-09-24 16:16:21 - [TEST_STEP][PASSED] - click(findTestObject("Obj Spy/Purchase_product/button_Purchase")): Object: 'Object Repository/Obj Spy/Purchase_product/button_Purchase' is clicked on

2023-09-24 16:16:22 - [MESSAGE][PASSED] - Object: 'Object Repository/Obj Spy/Purchase_product/button_Purchase' is clicked on

2023-09-24 16:16:22 - [TEST_STEP][PASSED] - waitForElementVisible(findTestObject("Obj Spy/Purchase_product/button_Purchase"), 0): Object 'Object Repository/Obj Spy/Purchase_product/button_Purchase' is visible

2023-09-24 16:16:22 - [MESSAGE][WARNING] - Timeout '0' is invalid. Using default page load timeout: '10'

2023-09-24 16:16:23 - [MESSAGE][PASSED] - Object 'Object Repository/Obj Spy/Purchase_product/button_Purchase' is visible

2023-09-24 16:16:23 - [TEST_STEP][PASSED] - verifyElementPresent(findTestObject("Obj Spy/Purchase_product/button_Purchase"), 0): Object 'Object Repository/Obj Spy/Purchase_product/button_Purchase' is present

2023-09-24 16:16:23 - [MESSAGE][WARNING] - Timeout '0' is invalid. Using default page load timeout: '10'

2023-09-24 16:16:23 - [MESSAGE][PASSED] - Object 'Object Repository/Obj Spy/Purchase_product/button_Purchase' is present

2023-09-24 16:16:23 - [TEST_STEP][PASSED] - closeBrowser(): Browser is closed

2023-09-24 16:16:24 - [MESSAGE][PASSED] - Browser is closed]]></system-out>
         <system-err><![CDATA[]]></system-err>
      </testcase>
      <testcase name="Test Cases/TC_QuizWeek3/TestScenarios_QuizWeek3/DemoBlaze_PurchaseProduct/TC_PurchaseProduct_Negative-Case" time="30.459" classname="Test Cases/TC_QuizWeek3/TestScenarios_QuizWeek3/DemoBlaze_PurchaseProduct/TC_PurchaseProduct_Negative-Case" status="PASSED">
         <system-out><![CDATA[2023-09-24 16:16:24 - [TEST_CASE][PASSED] - Test Cases/TC_QuizWeek3/TestScenarios_QuizWeek3/DemoBlaze_PurchaseProduct/TC_PurchaseProduct_Negative-Case: Test Cases/TC_QuizWeek3/TestScenarios_QuizWeek3/DemoBlaze_PurchaseProduct/TC_PurchaseProduct_Negative-Case

2023-09-24 16:16:24 - [TEST_STEP][PASSED] - openBrowser(baseURL): Browser is opened with url: 'https://demoblaze.com/'

2023-09-24 16:16:24 - [MESSAGE][INFO] - Starting 'Firefox' driver

2023-09-24 16:16:24 - [MESSAGE][INFO] - Action delay is set to 0 milliseconds

2023-09-24 16:16:31 - [MESSAGE][PASSED] - Browser is opened with url: 'https://demoblaze.com/'

2023-09-24 16:16:31 - [TEST_STEP][PASSED] - setViewPortSize(ViewPortWidth, ViewPortHeight): Viewport is set to new size with width = 1500 and height = 880

2023-09-24 16:16:32 - [MESSAGE][PASSED] - Viewport is set to new size with width = 1500 and height = 880

2023-09-24 16:16:32 - [TEST_STEP][PASSED] - click(findTestObject("Obj Spy/Purchase_product/addProduct_SamsungS6")): Object: 'Object Repository/Obj Spy/Purchase_product/addProduct_SamsungS6' is clicked on

2023-09-24 16:16:33 - [MESSAGE][PASSED] - Object: 'Object Repository/Obj Spy/Purchase_product/addProduct_SamsungS6' is clicked on

2023-09-24 16:16:33 - [TEST_STEP][PASSED] - waitForElementVisible(findTestObject("Obj Spy/Purchase_product/lbl_Product"), 0): Object 'Object Repository/Obj Spy/Purchase_product/lbl_Product' is visible

2023-09-24 16:16:33 - [MESSAGE][WARNING] - Timeout '0' is invalid. Using default page load timeout: '10'

2023-09-24 16:16:34 - [MESSAGE][PASSED] - Object 'Object Repository/Obj Spy/Purchase_product/lbl_Product' is visible

2023-09-24 16:16:34 - [TEST_STEP][PASSED] - click(findTestObject("Obj Spy/Purchase_product/click_AddToCart")): Object: 'Object Repository/Obj Spy/Purchase_product/click_AddToCart' is clicked on

2023-09-24 16:16:34 - [MESSAGE][PASSED] - Object: 'Object Repository/Obj Spy/Purchase_product/click_AddToCart' is clicked on

2023-09-24 16:16:34 - [TEST_STEP][PASSED] - waitForElementVisible(findTestObject("Obj Spy/Purchase_product/click_Cart"), 0): Object 'Object Repository/Obj Spy/Purchase_product/click_Cart' is visible

2023-09-24 16:16:34 - [MESSAGE][WARNING] - Timeout '0' is invalid. Using default page load timeout: '10'

2023-09-24 16:16:35 - [MESSAGE][PASSED] - Object 'Object Repository/Obj Spy/Purchase_product/click_Cart' is visible

2023-09-24 16:16:35 - [TEST_STEP][PASSED] - click(findTestObject("Obj Spy/Purchase_product/click_Cart")): Object: 'Object Repository/Obj Spy/Purchase_product/click_Cart' is clicked on

2023-09-24 16:16:36 - [MESSAGE][PASSED] - Object: 'Object Repository/Obj Spy/Purchase_product/click_Cart' is clicked on

2023-09-24 16:16:36 - [TEST_STEP][PASSED] - waitForElementVisible(findTestObject("Obj Spy/Purchase_product/lbl_Cart"), 0): Object 'Object Repository/Obj Spy/Purchase_product/lbl_Cart' is visible

2023-09-24 16:16:36 - [MESSAGE][WARNING] - Timeout '0' is invalid. Using default page load timeout: '10'

2023-09-24 16:16:37 - [MESSAGE][PASSED] - Object 'Object Repository/Obj Spy/Purchase_product/lbl_Cart' is visible

2023-09-24 16:16:37 - [TEST_STEP][PASSED] - click(findTestObject("Obj Spy/Purchase_product/btn_PlaceOrder")): Object: 'Object Repository/Obj Spy/Purchase_product/btn_PlaceOrder' is clicked on

2023-09-24 16:16:38 - [MESSAGE][PASSED] - Object: 'Object Repository/Obj Spy/Purchase_product/btn_PlaceOrder' is clicked on

2023-09-24 16:16:38 - [TEST_STEP][PASSED] - waitForElementVisible(findTestObject("Obj Spy/Purchase_product/lbl_PlaceOrder"), 0): Object 'Object Repository/Obj Spy/Purchase_product/lbl_PlaceOrder' is visible

2023-09-24 16:16:38 - [MESSAGE][WARNING] - Timeout '0' is invalid. Using default page load timeout: '10'

2023-09-24 16:16:39 - [MESSAGE][PASSED] - Object 'Object Repository/Obj Spy/Purchase_product/lbl_PlaceOrder' is visible

2023-09-24 16:16:39 - [TEST_STEP][PASSED] - setText(findTestObject("Obj Spy/Purchase_product/inpt_Name"), globalCustomerName): Text 'lex' is set on object 'Object Repository/Obj Spy/Purchase_product/inpt_Name'

2023-09-24 16:16:39 - [MESSAGE][PASSED] - Text 'lex' is set on object 'Object Repository/Obj Spy/Purchase_product/inpt_Name'

2023-09-24 16:16:39 - [TEST_STEP][PASSED] - setText(findTestObject("Obj Spy/Purchase_product/inpt_Country"), globalCustomerCountry): Text 'spain' is set on object 'Object Repository/Obj Spy/Purchase_product/inpt_Country'

2023-09-24 16:16:40 - [MESSAGE][PASSED] - Text 'spain' is set on object 'Object Repository/Obj Spy/Purchase_product/inpt_Country'

2023-09-24 16:16:40 - [TEST_STEP][PASSED] - setText(findTestObject("Obj Spy/Purchase_product/inpt_City"), globalCustomerCity): Text 'madrid' is set on object 'Object Repository/Obj Spy/Purchase_product/inpt_City'

2023-09-24 16:16:40 - [MESSAGE][PASSED] - Text 'madrid' is set on object 'Object Repository/Obj Spy/Purchase_product/inpt_City'

2023-09-24 16:16:40 - [TEST_STEP][PASSED] - setText(findTestObject("Obj Spy/Purchase_product/inpt_Month"), globalCustomerMonth): Text 'may' is set on object 'Object Repository/Obj Spy/Purchase_product/inpt_Month'

2023-09-24 16:16:41 - [MESSAGE][PASSED] - Text 'may' is set on object 'Object Repository/Obj Spy/Purchase_product/inpt_Month'

2023-09-24 16:16:41 - [TEST_STEP][PASSED] - setText(findTestObject("Obj Spy/Purchase_product/inpt_Year"), globalCustomerYear): Text '2023' is set on object 'Object Repository/Obj Spy/Purchase_product/inpt_Year'

2023-09-24 16:16:42 - [MESSAGE][PASSED] - Text '2023' is set on object 'Object Repository/Obj Spy/Purchase_product/inpt_Year'

2023-09-24 16:16:42 - [TEST_STEP][PASSED] - click(findTestObject("Obj Spy/Purchase_product/button_Purchase")): Object: 'Object Repository/Obj Spy/Purchase_product/button_Purchase' is clicked on

2023-09-24 16:16:42 - [MESSAGE][PASSED] - Object: 'Object Repository/Obj Spy/Purchase_product/button_Purchase' is clicked on

2023-09-24 16:16:42 - [TEST_STEP][PASSED] - waitForElementNotVisible(findTestObject("Obj Spy/Purchase_product/btn_Close"), 0): Object 'Object Repository/Obj Spy/Purchase_product/btn_Close' is visible after 10 second(s)

2023-09-24 16:16:42 - [MESSAGE][WARNING] - Timeout '0' is invalid. Using default page load timeout: '10'

2023-09-24 16:16:52 - [MESSAGE][WARNING] - Object 'Object Repository/Obj Spy/Purchase_product/btn_Close' is visible after 10 second(s)

2023-09-24 16:16:52 - [TEST_STEP][PASSED] - click(findTestObject("Obj Spy/Purchase_product/btn_Close")): Object: 'Object Repository/Obj Spy/Purchase_product/btn_Close' is clicked on

2023-09-24 16:16:53 - [MESSAGE][PASSED] - Object: 'Object Repository/Obj Spy/Purchase_product/btn_Close' is clicked on

2023-09-24 16:16:53 - [TEST_STEP][PASSED] - verifyElementPresent(findTestObject("Obj Spy/Purchase_product/btn_Close"), 0): Object 'Object Repository/Obj Spy/Purchase_product/btn_Close' is present

2023-09-24 16:16:53 - [MESSAGE][WARNING] - Timeout '0' is invalid. Using default page load timeout: '10'

2023-09-24 16:16:54 - [MESSAGE][PASSED] - Object 'Object Repository/Obj Spy/Purchase_product/btn_Close' is present

2023-09-24 16:16:54 - [TEST_STEP][PASSED] - closeBrowser(): Browser is closed

2023-09-24 16:16:55 - [MESSAGE][PASSED] - Browser is closed]]></system-out>
         <system-err><![CDATA[]]></system-err>
      </testcase>
      <system-out><![CDATA[2023-09-24 16:16:02 - [TEST_SUITE][PASSED] - TS_PurchaseProduct: Test Cases/TC_QuizWeek3/TestScenarios_QuizWeek3/DemoBlaze_PurchaseProduct/TC_PurchaseProduct_Negative-Case]]></system-out>
      <system-err><![CDATA[]]></system-err>
   </testsuite>
</testsuites>
