<?xml version="1.0" encoding="UTF-8"?>
<testsuites name="TS_Login_DDT" time="60.371" tests="3" failures="0" errors="0">
   <testsuite name="TS_Login_DDT" tests="3" failures="0" errors="0" time="60.371" skipped="0" timestamp="2023-09-24 17:04:36" hostname="pc - DESKTOP-EUSNTBE" id="Test Suites/TS_QuizWeek3/TS_Login_DDT">
      <properties>
         <property name="deviceName" value=""/>
         <property name="devicePlatform" value=""/>
         <property name="logFolder" value="C:\\Users\\pc\\Katalon Studio\\Sanbercode-Katalon-MuhammadHendraFeraldi\\Reports\\20230924_170433\\TS_QuizWeek3\\TS_Login_DDT\\20230924_170433"/>
         <property name="logFiles" value="C:\\Users\\pc\\Katalon Studio\\Sanbercode-Katalon-MuhammadHendraFeraldi\\Reports\\20230924_170433\\TS_QuizWeek3\\TS_Login_DDT\\20230924_170433\\execution0.log"/>
         <property name="attachments" value=""/>
         <property name="hostName" value="pc - DESKTOP-EUSNTBE"/>
         <property name="os" value="Windows 10 64bit"/>
         <property name="katalonVersion" value="8.6.8.208"/>
         <property name="browser" value="Firefox 117.0"/>
         <property name="hostAddress" value="192.168.1.3"/>
         <property name="sessionId" value="d03c0305-4fdd-40f1-9d03-33d741c99901"/>
         <property name="seleniumVersion" value="3.141.59"/>
         <property name="proxyInformation" value="ProxyInformation { proxyOption=NO_PROXY, proxyServerType=HTTP, username=, password=********, proxyServerAddress=, proxyServerPort=0, executionList=&quot;&quot;, isApplyToDesiredCapabilities=true }"/>
         <property name="platform" value="Windows 10"/>
      </properties>
      <testcase name="Test Cases/TC_QuizWeek3/TestScenarios_QuizWeek3/Demoblaze_login/TC_Login_Positive-Case" time="16.318" classname="Test Cases/TC_QuizWeek3/TestScenarios_QuizWeek3/Demoblaze_login/TC_Login_Positive-Case" status="PASSED">
         <system-out><![CDATA[2023-09-24 17:04:36 - [TEST_CASE][PASSED] - Test Cases/TC_QuizWeek3/TestScenarios_QuizWeek3/Demoblaze_login/TC_Login_Positive-Case: Test Cases/TC_QuizWeek3/TestScenarios_QuizWeek3/Demoblaze_login/TC_Login_Positive-Case

2023-09-24 17:04:37 - [TEST_STEP][PASSED] - openBrowser(baseURL): Browser is opened with url: 'https://demoblaze.com/'

2023-09-24 17:04:37 - [MESSAGE][INFO] - Starting 'Firefox' driver

2023-09-24 17:04:37 - [MESSAGE][INFO] - Action delay is set to 0 milliseconds

2023-09-24 17:04:46 - [MESSAGE][PASSED] - Browser is opened with url: 'https://demoblaze.com/'

2023-09-24 17:04:46 - [TEST_STEP][PASSED] - setViewPortSize(ViewPortWidth, ViewPortHeight): Viewport is set to new size with width = 1500 and height = 880

2023-09-24 17:04:46 - [MESSAGE][PASSED] - Viewport is set to new size with width = 1500 and height = 880

2023-09-24 17:04:46 - [TEST_STEP][PASSED] - click(findTestObject("Obj Spy/login/click_Login")): Object: 'Object Repository/Obj Spy/login/click_Login' is clicked on

2023-09-24 17:04:47 - [MESSAGE][PASSED] - Object: 'Object Repository/Obj Spy/login/click_Login' is clicked on

2023-09-24 17:04:47 - [TEST_STEP][PASSED] - waitForElementPresent(findTestObject("Obj Spy/login/click_Login"), 0): Object 'Object Repository/Obj Spy/login/click_Login' is present

2023-09-24 17:04:47 - [MESSAGE][WARNING] - Timeout '0' is invalid. Using default page load timeout: '10'

2023-09-24 17:04:48 - [MESSAGE][PASSED] - Object 'Object Repository/Obj Spy/login/click_Login' is present

2023-09-24 17:04:48 - [TEST_STEP][PASSED] - setText(findTestObject("Obj Spy/login/inpt_Username_login"), UsernameLogin): Text 'mencobabuatakun' is set on object 'Object Repository/Obj Spy/login/inpt_Username_login'

2023-09-24 17:04:48 - [MESSAGE][PASSED] - Text 'mencobabuatakun' is set on object 'Object Repository/Obj Spy/login/inpt_Username_login'

2023-09-24 17:04:48 - [TEST_STEP][PASSED] - setText(findTestObject("Obj Spy/login/inpt_Password_login"), PasswordLogin): Text 'sedangmencoba' is set on object 'Object Repository/Obj Spy/login/inpt_Password_login'

2023-09-24 17:04:49 - [MESSAGE][PASSED] - Text 'sedangmencoba' is set on object 'Object Repository/Obj Spy/login/inpt_Password_login'

2023-09-24 17:04:49 - [TEST_STEP][PASSED] - click(findTestObject("Obj Spy/login/btn_Login")): Object: 'Object Repository/Obj Spy/login/btn_Login' is clicked on

2023-09-24 17:04:50 - [MESSAGE][PASSED] - Object: 'Object Repository/Obj Spy/login/btn_Login' is clicked on

2023-09-24 17:04:50 - [TEST_STEP][PASSED] - waitForElementVisible(findTestObject("Obj Spy/login/lbl_Welcome"), 0): Object 'Object Repository/Obj Spy/login/lbl_Welcome' is visible

2023-09-24 17:04:50 - [MESSAGE][WARNING] - Timeout '0' is invalid. Using default page load timeout: '10'

2023-09-24 17:04:51 - [MESSAGE][PASSED] - Object 'Object Repository/Obj Spy/login/lbl_Welcome' is visible

2023-09-24 17:04:51 - [TEST_STEP][PASSED] - verifyElementPresent(findTestObject("Obj Spy/login/btn_Logout"), 0): Object 'Object Repository/Obj Spy/login/btn_Logout' is present

2023-09-24 17:04:51 - [MESSAGE][WARNING] - Timeout '0' is invalid. Using default page load timeout: '10'

2023-09-24 17:04:52 - [MESSAGE][PASSED] - Object 'Object Repository/Obj Spy/login/btn_Logout' is present

2023-09-24 17:04:52 - [TEST_STEP][PASSED] - closeBrowser(): Browser is closed

2023-09-24 17:04:52 - [MESSAGE][PASSED] - Browser is closed]]></system-out>
         <system-err><![CDATA[]]></system-err>
      </testcase>
      <testcase name="Test Cases/TC_QuizWeek3/TestScenarios_QuizWeek3/Demoblaze_login/TC_Login_Positive-Case" time="22.167" classname="Test Cases/TC_QuizWeek3/TestScenarios_QuizWeek3/Demoblaze_login/TC_Login_Positive-Case" status="PASSED">
         <system-out><![CDATA[2023-09-24 17:04:53 - [TEST_CASE][PASSED] - Test Cases/TC_QuizWeek3/TestScenarios_QuizWeek3/Demoblaze_login/TC_Login_Positive-Case: Test Cases/TC_QuizWeek3/TestScenarios_QuizWeek3/Demoblaze_login/TC_Login_Positive-Case

2023-09-24 17:04:53 - [TEST_STEP][PASSED] - openBrowser(baseURL): Browser is opened with url: 'https://demoblaze.com/'

2023-09-24 17:04:53 - [MESSAGE][INFO] - Starting 'Firefox' driver

2023-09-24 17:04:53 - [MESSAGE][INFO] - Action delay is set to 0 milliseconds

2023-09-24 17:04:59 - [MESSAGE][PASSED] - Browser is opened with url: 'https://demoblaze.com/'

2023-09-24 17:04:59 - [TEST_STEP][PASSED] - setViewPortSize(ViewPortWidth, ViewPortHeight): Viewport is set to new size with width = 1500 and height = 880

2023-09-24 17:05:00 - [MESSAGE][PASSED] - Viewport is set to new size with width = 1500 and height = 880

2023-09-24 17:05:00 - [TEST_STEP][PASSED] - click(findTestObject("Obj Spy/login/click_Login")): Object: 'Object Repository/Obj Spy/login/click_Login' is clicked on

2023-09-24 17:05:00 - [MESSAGE][PASSED] - Object: 'Object Repository/Obj Spy/login/click_Login' is clicked on

2023-09-24 17:05:00 - [TEST_STEP][PASSED] - waitForElementPresent(findTestObject("Obj Spy/login/click_Login"), 0): Object 'Object Repository/Obj Spy/login/click_Login' is present

2023-09-24 17:05:00 - [MESSAGE][WARNING] - Timeout '0' is invalid. Using default page load timeout: '10'

2023-09-24 17:05:01 - [MESSAGE][PASSED] - Object 'Object Repository/Obj Spy/login/click_Login' is present

2023-09-24 17:05:01 - [TEST_STEP][PASSED] - setText(findTestObject("Obj Spy/login/inpt_Username_login"), UsernameLogin): Text 'salahusernamenyainii' is set on object 'Object Repository/Obj Spy/login/inpt_Username_login'

2023-09-24 17:05:01 - [MESSAGE][PASSED] - Text 'salahusernamenyainii' is set on object 'Object Repository/Obj Spy/login/inpt_Username_login'

2023-09-24 17:05:01 - [TEST_STEP][PASSED] - setText(findTestObject("Obj Spy/login/inpt_Password_login"), PasswordLogin): Text 'sedangmencoba' is set on object 'Object Repository/Obj Spy/login/inpt_Password_login'

2023-09-24 17:05:02 - [MESSAGE][PASSED] - Text 'sedangmencoba' is set on object 'Object Repository/Obj Spy/login/inpt_Password_login'

2023-09-24 17:05:02 - [TEST_STEP][PASSED] - click(findTestObject("Obj Spy/login/btn_Login")): Object: 'Object Repository/Obj Spy/login/btn_Login' is clicked on

2023-09-24 17:05:03 - [MESSAGE][PASSED] - Object: 'Object Repository/Obj Spy/login/btn_Login' is clicked on

2023-09-24 17:05:03 - [TEST_STEP][PASSED] - waitForElementVisible(findTestObject("Obj Spy/login/lbl_Welcome"), 0): Object 'Object Repository/Obj Spy/login/lbl_Welcome' is not visible after 10 second(s)

2023-09-24 17:05:03 - [MESSAGE][WARNING] - Timeout '0' is invalid. Using default page load timeout: '10'

2023-09-24 17:05:13 - [MESSAGE][WARNING] - Object 'Object Repository/Obj Spy/login/lbl_Welcome' is not visible after 10 second(s)

2023-09-24 17:05:13 - [TEST_STEP][PASSED] - verifyElementPresent(findTestObject("Obj Spy/login/btn_Logout"), 0): Object 'Object Repository/Obj Spy/login/btn_Logout' is present

2023-09-24 17:05:13 - [MESSAGE][WARNING] - Timeout '0' is invalid. Using default page load timeout: '10'

2023-09-24 17:05:14 - [MESSAGE][PASSED] - Object 'Object Repository/Obj Spy/login/btn_Logout' is present

2023-09-24 17:05:14 - [TEST_STEP][PASSED] - closeBrowser(): Browser is closed

2023-09-24 17:05:15 - [MESSAGE][PASSED] - Browser is closed]]></system-out>
         <system-err><![CDATA[]]></system-err>
      </testcase>
      <testcase name="Test Cases/TC_QuizWeek3/TestScenarios_QuizWeek3/Demoblaze_login/TC_Login_Positive-Case" time="21.489" classname="Test Cases/TC_QuizWeek3/TestScenarios_QuizWeek3/Demoblaze_login/TC_Login_Positive-Case" status="PASSED">
         <system-out><![CDATA[2023-09-24 17:05:15 - [TEST_CASE][PASSED] - Test Cases/TC_QuizWeek3/TestScenarios_QuizWeek3/Demoblaze_login/TC_Login_Positive-Case: Test Cases/TC_QuizWeek3/TestScenarios_QuizWeek3/Demoblaze_login/TC_Login_Positive-Case

2023-09-24 17:05:15 - [TEST_STEP][PASSED] - openBrowser(baseURL): Browser is opened with url: 'https://demoblaze.com/'

2023-09-24 17:05:15 - [MESSAGE][INFO] - Starting 'Firefox' driver

2023-09-24 17:05:15 - [MESSAGE][INFO] - Action delay is set to 0 milliseconds

2023-09-24 17:05:21 - [MESSAGE][PASSED] - Browser is opened with url: 'https://demoblaze.com/'

2023-09-24 17:05:21 - [TEST_STEP][PASSED] - setViewPortSize(ViewPortWidth, ViewPortHeight): Viewport is set to new size with width = 1500 and height = 880

2023-09-24 17:05:22 - [MESSAGE][PASSED] - Viewport is set to new size with width = 1500 and height = 880

2023-09-24 17:05:22 - [TEST_STEP][PASSED] - click(findTestObject("Obj Spy/login/click_Login")): Object: 'Object Repository/Obj Spy/login/click_Login' is clicked on

2023-09-24 17:05:22 - [MESSAGE][PASSED] - Object: 'Object Repository/Obj Spy/login/click_Login' is clicked on

2023-09-24 17:05:22 - [TEST_STEP][PASSED] - waitForElementPresent(findTestObject("Obj Spy/login/click_Login"), 0): Object 'Object Repository/Obj Spy/login/click_Login' is present

2023-09-24 17:05:22 - [MESSAGE][WARNING] - Timeout '0' is invalid. Using default page load timeout: '10'

2023-09-24 17:05:23 - [MESSAGE][PASSED] - Object 'Object Repository/Obj Spy/login/click_Login' is present

2023-09-24 17:05:23 - [TEST_STEP][PASSED] - setText(findTestObject("Obj Spy/login/inpt_Username_login"), UsernameLogin): Text 'other username' is set on object 'Object Repository/Obj Spy/login/inpt_Username_login'

2023-09-24 17:05:23 - [MESSAGE][PASSED] - Text 'other username' is set on object 'Object Repository/Obj Spy/login/inpt_Username_login'

2023-09-24 17:05:23 - [TEST_STEP][PASSED] - setText(findTestObject("Obj Spy/login/inpt_Password_login"), PasswordLogin): Text 'salahpassword' is set on object 'Object Repository/Obj Spy/login/inpt_Password_login'

2023-09-24 17:05:24 - [MESSAGE][PASSED] - Text 'salahpassword' is set on object 'Object Repository/Obj Spy/login/inpt_Password_login'

2023-09-24 17:05:24 - [TEST_STEP][PASSED] - click(findTestObject("Obj Spy/login/btn_Login")): Object: 'Object Repository/Obj Spy/login/btn_Login' is clicked on

2023-09-24 17:05:24 - [MESSAGE][PASSED] - Object: 'Object Repository/Obj Spy/login/btn_Login' is clicked on

2023-09-24 17:05:24 - [TEST_STEP][PASSED] - waitForElementVisible(findTestObject("Obj Spy/login/lbl_Welcome"), 0): Object 'Object Repository/Obj Spy/login/lbl_Welcome' is not visible after 10 second(s)

2023-09-24 17:05:24 - [MESSAGE][WARNING] - Timeout '0' is invalid. Using default page load timeout: '10'

2023-09-24 17:05:35 - [MESSAGE][WARNING] - Object 'Object Repository/Obj Spy/login/lbl_Welcome' is not visible after 10 second(s)

2023-09-24 17:05:35 - [TEST_STEP][PASSED] - verifyElementPresent(findTestObject("Obj Spy/login/btn_Logout"), 0): Object 'Object Repository/Obj Spy/login/btn_Logout' is present

2023-09-24 17:05:35 - [MESSAGE][WARNING] - Timeout '0' is invalid. Using default page load timeout: '10'

2023-09-24 17:05:35 - [MESSAGE][PASSED] - Object 'Object Repository/Obj Spy/login/btn_Logout' is present

2023-09-24 17:05:35 - [TEST_STEP][PASSED] - closeBrowser(): Browser is closed

2023-09-24 17:05:36 - [MESSAGE][PASSED] - Browser is closed]]></system-out>
         <system-err><![CDATA[]]></system-err>
      </testcase>
      <system-out><![CDATA[2023-09-24 17:04:36 - [TEST_SUITE][PASSED] - TS_Login_DDT: Test Cases/TC_QuizWeek3/TestScenarios_QuizWeek3/Demoblaze_login/TC_Login_Positive-Case]]></system-out>
      <system-err><![CDATA[]]></system-err>
   </testsuite>
</testsuites>
