<?xml version="1.0" encoding="UTF-8"?>
<testsuites name="TS_LoginDemoBlaze" time="58.944" tests="3" failures="0" errors="0">
   <testsuite name="TS_LoginDemoBlaze" tests="3" failures="0" errors="0" time="58.944" skipped="0" timestamp="2023-09-24 13:25:45" hostname="pc - DESKTOP-EUSNTBE" id="Test Suites/TS_QuizWeek3/TS_LoginDemoBlaze">
      <properties>
         <property name="deviceName" value=""/>
         <property name="devicePlatform" value=""/>
         <property name="logFolder" value="C:\\Users\\pc\\Katalon Studio\\Sanbercode-Katalon-MuhammadHendraFeraldi\\Reports\\20230924_132541\\TS_QuizWeek3\\TS_LoginDemoBlaze\\20230924_132541"/>
         <property name="logFiles" value="C:\\Users\\pc\\Katalon Studio\\Sanbercode-Katalon-MuhammadHendraFeraldi\\Reports\\20230924_132541\\TS_QuizWeek3\\TS_LoginDemoBlaze\\20230924_132541\\execution0.log"/>
         <property name="attachments" value=""/>
         <property name="hostName" value="pc - DESKTOP-EUSNTBE"/>
         <property name="os" value="Windows 10 64bit"/>
         <property name="katalonVersion" value="8.6.8.208"/>
         <property name="browser" value="Firefox 117.0"/>
         <property name="hostAddress" value="192.168.1.3"/>
         <property name="sessionId" value="dbce2ad6-0ec2-4ee0-a92a-a4fd089a8520"/>
         <property name="seleniumVersion" value="3.141.59"/>
         <property name="proxyInformation" value="ProxyInformation { proxyOption=NO_PROXY, proxyServerType=HTTP, username=, password=********, proxyServerAddress=, proxyServerPort=0, executionList=&quot;&quot;, isApplyToDesiredCapabilities=true }"/>
         <property name="platform" value="Windows 10"/>
      </properties>
      <testcase name="Test Cases/TC_QuizWeek3/TestScenarios_QuizWeek3/Demoblaze_login/TC_Login_Positive-Case" time="17.264" classname="Test Cases/TC_QuizWeek3/TestScenarios_QuizWeek3/Demoblaze_login/TC_Login_Positive-Case" status="PASSED">
         <system-out><![CDATA[2023-09-24 13:25:45 - [TEST_CASE][PASSED] - Test Cases/TC_QuizWeek3/TestScenarios_QuizWeek3/Demoblaze_login/TC_Login_Positive-Case: Test Cases/TC_QuizWeek3/TestScenarios_QuizWeek3/Demoblaze_login/TC_Login_Positive-Case

2023-09-24 13:25:45 - [TEST_STEP][PASSED] - openBrowser(baseURL): Browser is opened with url: 'https://demoblaze.com/'

2023-09-24 13:25:46 - [MESSAGE][INFO] - Starting 'Firefox' driver

2023-09-24 13:25:46 - [MESSAGE][INFO] - Action delay is set to 0 milliseconds

2023-09-24 13:25:56 - [MESSAGE][PASSED] - Browser is opened with url: 'https://demoblaze.com/'

2023-09-24 13:25:56 - [TEST_STEP][PASSED] - setViewPortSize(ViewPortWidth, ViewPortHeight): Viewport is set to new size with width = 1500 and height = 880

2023-09-24 13:25:56 - [MESSAGE][PASSED] - Viewport is set to new size with width = 1500 and height = 880

2023-09-24 13:25:56 - [TEST_STEP][PASSED] - click(findTestObject("Obj Spy/login/click_Login")): Object: 'Object Repository/Obj Spy/login/click_Login' is clicked on

2023-09-24 13:25:57 - [MESSAGE][PASSED] - Object: 'Object Repository/Obj Spy/login/click_Login' is clicked on

2023-09-24 13:25:57 - [TEST_STEP][PASSED] - waitForElementPresent(findTestObject("Obj Spy/login/click_Login"), 0): Object 'Object Repository/Obj Spy/login/click_Login' is present

2023-09-24 13:25:57 - [MESSAGE][WARNING] - Timeout '0' is invalid. Using default page load timeout: '10'

2023-09-24 13:25:57 - [MESSAGE][PASSED] - Object 'Object Repository/Obj Spy/login/click_Login' is present

2023-09-24 13:25:57 - [TEST_STEP][PASSED] - setText(findTestObject("Obj Spy/login/inpt_Username_login"), UsernameLogin): Text 'mencobabuatakun' is set on object 'Object Repository/Obj Spy/login/inpt_Username_login'

2023-09-24 13:25:58 - [MESSAGE][PASSED] - Text 'mencobabuatakun' is set on object 'Object Repository/Obj Spy/login/inpt_Username_login'

2023-09-24 13:25:58 - [TEST_STEP][PASSED] - setText(findTestObject("Obj Spy/login/inpt_Password_login"), PasswordLogin): Text 'sedangmencoba' is set on object 'Object Repository/Obj Spy/login/inpt_Password_login'

2023-09-24 13:25:59 - [MESSAGE][PASSED] - Text 'sedangmencoba' is set on object 'Object Repository/Obj Spy/login/inpt_Password_login'

2023-09-24 13:25:59 - [TEST_STEP][PASSED] - click(findTestObject("Obj Spy/login/btn_Login")): Object: 'Object Repository/Obj Spy/login/btn_Login' is clicked on

2023-09-24 13:25:59 - [MESSAGE][PASSED] - Object: 'Object Repository/Obj Spy/login/btn_Login' is clicked on

2023-09-24 13:25:59 - [TEST_STEP][PASSED] - waitForElementVisible(findTestObject("Obj Spy/login/lbl_Welcome"), 0): Object 'Object Repository/Obj Spy/login/lbl_Welcome' is visible

2023-09-24 13:25:59 - [MESSAGE][WARNING] - Timeout '0' is invalid. Using default page load timeout: '10'

2023-09-24 13:26:00 - [MESSAGE][PASSED] - Object 'Object Repository/Obj Spy/login/lbl_Welcome' is visible

2023-09-24 13:26:00 - [TEST_STEP][PASSED] - verifyElementPresent(findTestObject("Obj Spy/login/btn_Logout"), 0): Object 'Object Repository/Obj Spy/login/btn_Logout' is present

2023-09-24 13:26:01 - [MESSAGE][WARNING] - Timeout '0' is invalid. Using default page load timeout: '10'

2023-09-24 13:26:01 - [MESSAGE][PASSED] - Object 'Object Repository/Obj Spy/login/btn_Logout' is present

2023-09-24 13:26:01 - [TEST_STEP][PASSED] - closeBrowser(): Browser is closed

2023-09-24 13:26:02 - [MESSAGE][PASSED] - Browser is closed]]></system-out>
         <system-err><![CDATA[]]></system-err>
      </testcase>
      <testcase name="Test Cases/TC_QuizWeek3/TestScenarios_QuizWeek3/Demoblaze_login/TC_Login_Negative-Case" time="20.827" classname="Test Cases/TC_QuizWeek3/TestScenarios_QuizWeek3/Demoblaze_login/TC_Login_Negative-Case" status="PASSED">
         <system-out><![CDATA[2023-09-24 13:26:02 - [TEST_CASE][PASSED] - Test Cases/TC_QuizWeek3/TestScenarios_QuizWeek3/Demoblaze_login/TC_Login_Negative-Case: Test Cases/TC_QuizWeek3/TestScenarios_QuizWeek3/Demoblaze_login/TC_Login_Negative-Case

2023-09-24 13:26:03 - [TEST_STEP][PASSED] - openBrowser(baseURL): Browser is opened with url: 'https://demoblaze.com/'

2023-09-24 13:26:03 - [MESSAGE][INFO] - Starting 'Firefox' driver

2023-09-24 13:26:03 - [MESSAGE][INFO] - Action delay is set to 0 milliseconds

2023-09-24 13:26:07 - [MESSAGE][PASSED] - Browser is opened with url: 'https://demoblaze.com/'

2023-09-24 13:26:07 - [TEST_STEP][PASSED] - setViewPortSize(ViewPortWidth, ViewPortHeight): Viewport is set to new size with width = 1500 and height = 880

2023-09-24 13:26:08 - [MESSAGE][PASSED] - Viewport is set to new size with width = 1500 and height = 880

2023-09-24 13:26:08 - [TEST_STEP][PASSED] - click(findTestObject("Obj Spy/login/click_Login")): Object: 'Object Repository/Obj Spy/login/click_Login' is clicked on

2023-09-24 13:26:09 - [MESSAGE][PASSED] - Object: 'Object Repository/Obj Spy/login/click_Login' is clicked on

2023-09-24 13:26:09 - [TEST_STEP][PASSED] - setText(findTestObject("Obj Spy/login/inpt_Username_login"), "salahusernamenyainii"): Text 'salahusernamenyainii' is set on object 'Object Repository/Obj Spy/login/inpt_Username_login'

2023-09-24 13:26:10 - [MESSAGE][PASSED] - Text 'salahusernamenyainii' is set on object 'Object Repository/Obj Spy/login/inpt_Username_login'

2023-09-24 13:26:10 - [TEST_STEP][PASSED] - setText(findTestObject("Obj Spy/login/inpt_Password_login"), globalPassword): Text 'sedangmencoba' is set on object 'Object Repository/Obj Spy/login/inpt_Password_login'

2023-09-24 13:26:11 - [MESSAGE][PASSED] - Text 'sedangmencoba' is set on object 'Object Repository/Obj Spy/login/inpt_Password_login'

2023-09-24 13:26:11 - [TEST_STEP][PASSED] - click(findTestObject("Obj Spy/login/btn_Login")): Object: 'Object Repository/Obj Spy/login/btn_Login' is clicked on

2023-09-24 13:26:11 - [MESSAGE][PASSED] - Object: 'Object Repository/Obj Spy/login/btn_Login' is clicked on

2023-09-24 13:26:11 - [TEST_STEP][PASSED] - waitForElementVisible(findTestObject("Obj Spy/login/lbl_Welcome"), 0): Object 'Object Repository/Obj Spy/login/lbl_Welcome' is not visible after 10 second(s)

2023-09-24 13:26:11 - [MESSAGE][WARNING] - Timeout '0' is invalid. Using default page load timeout: '10'

2023-09-24 13:26:22 - [MESSAGE][WARNING] - Object 'Object Repository/Obj Spy/login/lbl_Welcome' is not visible after 10 second(s)

2023-09-24 13:26:22 - [TEST_STEP][PASSED] - verifyElementPresent(findTestObject("Obj Spy/login/btn_Logout"), 0): Object 'Object Repository/Obj Spy/login/btn_Logout' is present

2023-09-24 13:26:22 - [MESSAGE][WARNING] - Timeout '0' is invalid. Using default page load timeout: '10'

2023-09-24 13:26:22 - [MESSAGE][PASSED] - Object 'Object Repository/Obj Spy/login/btn_Logout' is present

2023-09-24 13:26:22 - [TEST_STEP][PASSED] - closeBrowser(): Browser is closed

2023-09-24 13:26:23 - [MESSAGE][PASSED] - Browser is closed]]></system-out>
         <system-err><![CDATA[]]></system-err>
      </testcase>
      <testcase name="Test Cases/TC_QuizWeek3/TestScenarios_QuizWeek3/Demoblaze_login/TC_Login_BlankField-Case" time="20.56" classname="Test Cases/TC_QuizWeek3/TestScenarios_QuizWeek3/Demoblaze_login/TC_Login_BlankField-Case" status="PASSED">
         <system-out><![CDATA[2023-09-24 13:26:23 - [TEST_CASE][PASSED] - Test Cases/TC_QuizWeek3/TestScenarios_QuizWeek3/Demoblaze_login/TC_Login_BlankField-Case: Test Cases/TC_QuizWeek3/TestScenarios_QuizWeek3/Demoblaze_login/TC_Login_BlankField-Case

2023-09-24 13:26:23 - [TEST_STEP][PASSED] - openBrowser(baseURL): Browser is opened with url: 'https://demoblaze.com/'

2023-09-24 13:26:23 - [MESSAGE][INFO] - Starting 'Firefox' driver

2023-09-24 13:26:23 - [MESSAGE][INFO] - Action delay is set to 0 milliseconds

2023-09-24 13:26:28 - [MESSAGE][PASSED] - Browser is opened with url: 'https://demoblaze.com/'

2023-09-24 13:26:28 - [TEST_STEP][PASSED] - setViewPortSize(ViewPortWidth, ViewPortHeight): Viewport is set to new size with width = 1500 and height = 880

2023-09-24 13:26:29 - [MESSAGE][PASSED] - Viewport is set to new size with width = 1500 and height = 880

2023-09-24 13:26:29 - [TEST_STEP][PASSED] - click(findTestObject("Obj Spy/login/click_Login")): Object: 'Object Repository/Obj Spy/login/click_Login' is clicked on

2023-09-24 13:26:30 - [MESSAGE][PASSED] - Object: 'Object Repository/Obj Spy/login/click_Login' is clicked on

2023-09-24 13:26:30 - [TEST_STEP][PASSED] - waitForElementPresent(findTestObject("Obj Spy/login/click_Login"), 0): Object 'Object Repository/Obj Spy/login/click_Login' is present

2023-09-24 13:26:30 - [MESSAGE][WARNING] - Timeout '0' is invalid. Using default page load timeout: '10'

2023-09-24 13:26:30 - [MESSAGE][PASSED] - Object 'Object Repository/Obj Spy/login/click_Login' is present

2023-09-24 13:26:30 - [TEST_STEP][PASSED] - setText(findTestObject("Obj Spy/login/inpt_Username_login"), ""): Text '' is set on object 'Object Repository/Obj Spy/login/inpt_Username_login'

2023-09-24 13:26:31 - [MESSAGE][PASSED] - Text '' is set on object 'Object Repository/Obj Spy/login/inpt_Username_login'

2023-09-24 13:26:31 - [TEST_STEP][PASSED] - setText(findTestObject("Obj Spy/login/inpt_Password_login"), ""): Text '' is set on object 'Object Repository/Obj Spy/login/inpt_Password_login'

2023-09-24 13:26:32 - [MESSAGE][PASSED] - Text '' is set on object 'Object Repository/Obj Spy/login/inpt_Password_login'

2023-09-24 13:26:32 - [TEST_STEP][PASSED] - click(findTestObject("Obj Spy/login/btn_Login")): Object: 'Object Repository/Obj Spy/login/btn_Login' is clicked on

2023-09-24 13:26:32 - [MESSAGE][PASSED] - Object: 'Object Repository/Obj Spy/login/btn_Login' is clicked on

2023-09-24 13:26:32 - [TEST_STEP][PASSED] - waitForElementVisible(findTestObject("Obj Spy/login/lbl_Welcome"), 0): Object 'Object Repository/Obj Spy/login/lbl_Welcome' is not visible after 10 second(s)

2023-09-24 13:26:32 - [MESSAGE][WARNING] - Timeout '0' is invalid. Using default page load timeout: '10'

2023-09-24 13:26:42 - [MESSAGE][WARNING] - Object 'Object Repository/Obj Spy/login/lbl_Welcome' is not visible after 10 second(s)

2023-09-24 13:26:42 - [TEST_STEP][PASSED] - verifyElementPresent(findTestObject("Obj Spy/login/btn_Logout"), 0): Object 'Object Repository/Obj Spy/login/btn_Logout' is present

2023-09-24 13:26:42 - [MESSAGE][WARNING] - Timeout '0' is invalid. Using default page load timeout: '10'

2023-09-24 13:26:43 - [MESSAGE][PASSED] - Object 'Object Repository/Obj Spy/login/btn_Logout' is present

2023-09-24 13:26:43 - [TEST_STEP][PASSED] - closeBrowser(): Browser is closed

2023-09-24 13:26:44 - [MESSAGE][PASSED] - Browser is closed]]></system-out>
         <system-err><![CDATA[]]></system-err>
      </testcase>
      <system-out><![CDATA[2023-09-24 13:25:45 - [TEST_SUITE][PASSED] - TS_LoginDemoBlaze: Test Cases/TC_QuizWeek3/TestScenarios_QuizWeek3/Demoblaze_login/TC_Login_BlankField-Case]]></system-out>
      <system-err><![CDATA[]]></system-err>
   </testsuite>
</testsuites>
