<?xml version="1.0" encoding="UTF-8"?>
<testsuites name="TS_PurchaseProduct_DDT" time="59.039" tests="3" failures="0" errors="0">
   <testsuite name="TS_PurchaseProduct_DDT" tests="3" failures="0" errors="0" time="59.039" skipped="0" timestamp="2023-09-24 17:11:35" hostname="pc - DESKTOP-EUSNTBE" id="Test Suites/TS_QuizWeek3/TS_PurchaseProduct_DDT">
      <properties>
         <property name="deviceName" value=""/>
         <property name="devicePlatform" value=""/>
         <property name="logFolder" value="C:\\Users\\pc\\Katalon Studio\\Sanbercode-Katalon-MuhammadHendraFeraldi\\Reports\\20230924_171132\\TS_QuizWeek3\\TS_PurchaseProduct_DDT\\20230924_171132"/>
         <property name="logFiles" value="C:\\Users\\pc\\Katalon Studio\\Sanbercode-Katalon-MuhammadHendraFeraldi\\Reports\\20230924_171132\\TS_QuizWeek3\\TS_PurchaseProduct_DDT\\20230924_171132\\execution0.log"/>
         <property name="attachments" value=""/>
         <property name="hostName" value="pc - DESKTOP-EUSNTBE"/>
         <property name="os" value="Windows 10 64bit"/>
         <property name="katalonVersion" value="8.6.8.208"/>
         <property name="browser" value="Firefox 117.0"/>
         <property name="hostAddress" value="192.168.1.3"/>
         <property name="sessionId" value="f70310a1-55ee-4e92-86a1-5a7388afc755"/>
         <property name="seleniumVersion" value="3.141.59"/>
         <property name="proxyInformation" value="ProxyInformation { proxyOption=NO_PROXY, proxyServerType=HTTP, username=, password=********, proxyServerAddress=, proxyServerPort=0, executionList=&quot;&quot;, isApplyToDesiredCapabilities=true }"/>
         <property name="platform" value="Windows 10"/>
      </properties>
      <testcase name="Test Cases/TC_QuizWeek3/TestScenarios_QuizWeek3/DemoBlaze_PurchaseProduct/TC_PurchaseProduct_Positive-Case" time="20.677" classname="Test Cases/TC_QuizWeek3/TestScenarios_QuizWeek3/DemoBlaze_PurchaseProduct/TC_PurchaseProduct_Positive-Case" status="PASSED">
         <system-out><![CDATA[2023-09-24 17:11:35 - [TEST_CASE][PASSED] - Test Cases/TC_QuizWeek3/TestScenarios_QuizWeek3/DemoBlaze_PurchaseProduct/TC_PurchaseProduct_Positive-Case: Test Cases/TC_QuizWeek3/TestScenarios_QuizWeek3/DemoBlaze_PurchaseProduct/TC_PurchaseProduct_Positive-Case

2023-09-24 17:11:36 - [TEST_STEP][PASSED] - openBrowser(baseURL): Browser is opened with url: 'https://demoblaze.com/'

2023-09-24 17:11:36 - [MESSAGE][INFO] - Starting 'Firefox' driver

2023-09-24 17:11:36 - [MESSAGE][INFO] - Action delay is set to 0 milliseconds

2023-09-24 17:11:42 - [MESSAGE][PASSED] - Browser is opened with url: 'https://demoblaze.com/'

2023-09-24 17:11:42 - [TEST_STEP][PASSED] - setViewPortSize(ViewPortWidth, ViewPortHeight): Viewport is set to new size with width = 1500 and height = 880

2023-09-24 17:11:42 - [MESSAGE][PASSED] - Viewport is set to new size with width = 1500 and height = 880

2023-09-24 17:11:42 - [TEST_STEP][PASSED] - click(findTestObject("Obj Spy/Purchase_product/addProduct_SamsungS6")): Object: 'Object Repository/Obj Spy/Purchase_product/addProduct_SamsungS6' is clicked on

2023-09-24 17:11:44 - [MESSAGE][PASSED] - Object: 'Object Repository/Obj Spy/Purchase_product/addProduct_SamsungS6' is clicked on

2023-09-24 17:11:44 - [TEST_STEP][PASSED] - waitForElementVisible(findTestObject("Obj Spy/Purchase_product/lbl_Product"), 0): Object 'Object Repository/Obj Spy/Purchase_product/lbl_Product' is visible

2023-09-24 17:11:44 - [MESSAGE][WARNING] - Timeout '0' is invalid. Using default page load timeout: '10'

2023-09-24 17:11:45 - [MESSAGE][PASSED] - Object 'Object Repository/Obj Spy/Purchase_product/lbl_Product' is visible

2023-09-24 17:11:45 - [TEST_STEP][PASSED] - click(findTestObject("Obj Spy/Purchase_product/click_AddToCart")): Object: 'Object Repository/Obj Spy/Purchase_product/click_AddToCart' is clicked on

2023-09-24 17:11:46 - [MESSAGE][PASSED] - Object: 'Object Repository/Obj Spy/Purchase_product/click_AddToCart' is clicked on

2023-09-24 17:11:46 - [TEST_STEP][PASSED] - waitForElementVisible(findTestObject("Obj Spy/Purchase_product/click_Cart"), 0): Object 'Object Repository/Obj Spy/Purchase_product/click_Cart' is visible

2023-09-24 17:11:46 - [MESSAGE][WARNING] - Timeout '0' is invalid. Using default page load timeout: '10'

2023-09-24 17:11:46 - [MESSAGE][PASSED] - Object 'Object Repository/Obj Spy/Purchase_product/click_Cart' is visible

2023-09-24 17:11:46 - [TEST_STEP][PASSED] - click(findTestObject("Obj Spy/Purchase_product/click_Cart")): Object: 'Object Repository/Obj Spy/Purchase_product/click_Cart' is clicked on

2023-09-24 17:11:47 - [MESSAGE][PASSED] - Object: 'Object Repository/Obj Spy/Purchase_product/click_Cart' is clicked on

2023-09-24 17:11:47 - [TEST_STEP][PASSED] - waitForElementVisible(findTestObject("Obj Spy/Purchase_product/lbl_Cart"), 0): Object 'Object Repository/Obj Spy/Purchase_product/lbl_Cart' is visible

2023-09-24 17:11:47 - [MESSAGE][WARNING] - Timeout '0' is invalid. Using default page load timeout: '10'

2023-09-24 17:11:48 - [MESSAGE][PASSED] - Object 'Object Repository/Obj Spy/Purchase_product/lbl_Cart' is visible

2023-09-24 17:11:48 - [TEST_STEP][PASSED] - click(findTestObject("Obj Spy/Purchase_product/btn_PlaceOrder")): Object: 'Object Repository/Obj Spy/Purchase_product/btn_PlaceOrder' is clicked on

2023-09-24 17:11:49 - [MESSAGE][PASSED] - Object: 'Object Repository/Obj Spy/Purchase_product/btn_PlaceOrder' is clicked on

2023-09-24 17:11:49 - [TEST_STEP][PASSED] - waitForElementVisible(findTestObject("Obj Spy/Purchase_product/lbl_PlaceOrder"), 0): Object 'Object Repository/Obj Spy/Purchase_product/lbl_PlaceOrder' is visible

2023-09-24 17:11:49 - [MESSAGE][WARNING] - Timeout '0' is invalid. Using default page load timeout: '10'

2023-09-24 17:11:49 - [MESSAGE][PASSED] - Object 'Object Repository/Obj Spy/Purchase_product/lbl_PlaceOrder' is visible

2023-09-24 17:11:49 - [TEST_STEP][PASSED] - setText(findTestObject("Obj Spy/Purchase_product/inpt_Name"), customer_name): Text 'lex' is set on object 'Object Repository/Obj Spy/Purchase_product/inpt_Name'

2023-09-24 17:11:50 - [MESSAGE][PASSED] - Text 'lex' is set on object 'Object Repository/Obj Spy/Purchase_product/inpt_Name'

2023-09-24 17:11:50 - [TEST_STEP][PASSED] - setText(findTestObject("Obj Spy/Purchase_product/inpt_Country"), customer_country): Text 'spain' is set on object 'Object Repository/Obj Spy/Purchase_product/inpt_Country'

2023-09-24 17:11:51 - [MESSAGE][PASSED] - Text 'spain' is set on object 'Object Repository/Obj Spy/Purchase_product/inpt_Country'

2023-09-24 17:11:51 - [TEST_STEP][PASSED] - setText(findTestObject("Obj Spy/Purchase_product/inpt_City"), customer_city): Text 'madrid' is set on object 'Object Repository/Obj Spy/Purchase_product/inpt_City'

2023-09-24 17:11:51 - [MESSAGE][PASSED] - Text 'madrid' is set on object 'Object Repository/Obj Spy/Purchase_product/inpt_City'

2023-09-24 17:11:51 - [TEST_STEP][PASSED] - setText(findTestObject("Obj Spy/Purchase_product/inpt_CreditCard"), customer_creditCard): Text 'madrid' is set on object 'Object Repository/Obj Spy/Purchase_product/inpt_CreditCard'

2023-09-24 17:11:52 - [MESSAGE][PASSED] - Text 'madrid' is set on object 'Object Repository/Obj Spy/Purchase_product/inpt_CreditCard'

2023-09-24 17:11:52 - [TEST_STEP][PASSED] - setText(findTestObject("Obj Spy/Purchase_product/inpt_Month"), customer_month): Text 'may' is set on object 'Object Repository/Obj Spy/Purchase_product/inpt_Month'

2023-09-24 17:11:53 - [MESSAGE][PASSED] - Text 'may' is set on object 'Object Repository/Obj Spy/Purchase_product/inpt_Month'

2023-09-24 17:11:53 - [TEST_STEP][PASSED] - setText(findTestObject("Obj Spy/Purchase_product/inpt_Year"), customer_year): Text '2023' is set on object 'Object Repository/Obj Spy/Purchase_product/inpt_Year'

2023-09-24 17:11:53 - [MESSAGE][PASSED] - Text '2023' is set on object 'Object Repository/Obj Spy/Purchase_product/inpt_Year'

2023-09-24 17:11:53 - [TEST_STEP][PASSED] - click(findTestObject("Obj Spy/Purchase_product/button_Purchase")): Object: 'Object Repository/Obj Spy/Purchase_product/button_Purchase' is clicked on

2023-09-24 17:11:54 - [MESSAGE][PASSED] - Object: 'Object Repository/Obj Spy/Purchase_product/button_Purchase' is clicked on

2023-09-24 17:11:54 - [TEST_STEP][PASSED] - waitForElementVisible(findTestObject("Obj Spy/Purchase_product/button_Purchase"), 0): Object 'Object Repository/Obj Spy/Purchase_product/button_Purchase' is visible

2023-09-24 17:11:54 - [MESSAGE][WARNING] - Timeout '0' is invalid. Using default page load timeout: '10'

2023-09-24 17:11:55 - [MESSAGE][PASSED] - Object 'Object Repository/Obj Spy/Purchase_product/button_Purchase' is visible

2023-09-24 17:11:55 - [TEST_STEP][PASSED] - verifyElementPresent(findTestObject("Obj Spy/Purchase_product/button_Purchase"), 0): Object 'Object Repository/Obj Spy/Purchase_product/button_Purchase' is present

2023-09-24 17:11:55 - [MESSAGE][WARNING] - Timeout '0' is invalid. Using default page load timeout: '10'

2023-09-24 17:11:55 - [MESSAGE][PASSED] - Object 'Object Repository/Obj Spy/Purchase_product/button_Purchase' is present

2023-09-24 17:11:55 - [TEST_STEP][PASSED] - closeBrowser(): Browser is closed

2023-09-24 17:11:56 - [MESSAGE][PASSED] - Browser is closed]]></system-out>
         <system-err><![CDATA[]]></system-err>
      </testcase>
      <testcase name="Test Cases/TC_QuizWeek3/TestScenarios_QuizWeek3/DemoBlaze_PurchaseProduct/TC_PurchaseProduct_Positive-Case" time="18.691" classname="Test Cases/TC_QuizWeek3/TestScenarios_QuizWeek3/DemoBlaze_PurchaseProduct/TC_PurchaseProduct_Positive-Case" status="PASSED">
         <system-out><![CDATA[2023-09-24 17:11:56 - [TEST_CASE][PASSED] - Test Cases/TC_QuizWeek3/TestScenarios_QuizWeek3/DemoBlaze_PurchaseProduct/TC_PurchaseProduct_Positive-Case: Test Cases/TC_QuizWeek3/TestScenarios_QuizWeek3/DemoBlaze_PurchaseProduct/TC_PurchaseProduct_Positive-Case

2023-09-24 17:11:56 - [TEST_STEP][PASSED] - openBrowser(baseURL): Browser is opened with url: 'https://demoblaze.com/'

2023-09-24 17:11:56 - [MESSAGE][INFO] - Starting 'Firefox' driver

2023-09-24 17:11:56 - [MESSAGE][INFO] - Action delay is set to 0 milliseconds

2023-09-24 17:12:01 - [MESSAGE][PASSED] - Browser is opened with url: 'https://demoblaze.com/'

2023-09-24 17:12:01 - [TEST_STEP][PASSED] - setViewPortSize(ViewPortWidth, ViewPortHeight): Viewport is set to new size with width = 1500 and height = 880

2023-09-24 17:12:01 - [MESSAGE][PASSED] - Viewport is set to new size with width = 1500 and height = 880

2023-09-24 17:12:01 - [TEST_STEP][PASSED] - click(findTestObject("Obj Spy/Purchase_product/addProduct_SamsungS6")): Object: 'Object Repository/Obj Spy/Purchase_product/addProduct_SamsungS6' is clicked on

2023-09-24 17:12:03 - [MESSAGE][PASSED] - Object: 'Object Repository/Obj Spy/Purchase_product/addProduct_SamsungS6' is clicked on

2023-09-24 17:12:03 - [TEST_STEP][PASSED] - waitForElementVisible(findTestObject("Obj Spy/Purchase_product/lbl_Product"), 0): Object 'Object Repository/Obj Spy/Purchase_product/lbl_Product' is visible

2023-09-24 17:12:03 - [MESSAGE][WARNING] - Timeout '0' is invalid. Using default page load timeout: '10'

2023-09-24 17:12:04 - [MESSAGE][PASSED] - Object 'Object Repository/Obj Spy/Purchase_product/lbl_Product' is visible

2023-09-24 17:12:04 - [TEST_STEP][PASSED] - click(findTestObject("Obj Spy/Purchase_product/click_AddToCart")): Object: 'Object Repository/Obj Spy/Purchase_product/click_AddToCart' is clicked on

2023-09-24 17:12:04 - [MESSAGE][PASSED] - Object: 'Object Repository/Obj Spy/Purchase_product/click_AddToCart' is clicked on

2023-09-24 17:12:04 - [TEST_STEP][PASSED] - waitForElementVisible(findTestObject("Obj Spy/Purchase_product/click_Cart"), 0): Object 'Object Repository/Obj Spy/Purchase_product/click_Cart' is visible

2023-09-24 17:12:04 - [MESSAGE][WARNING] - Timeout '0' is invalid. Using default page load timeout: '10'

2023-09-24 17:12:05 - [MESSAGE][PASSED] - Object 'Object Repository/Obj Spy/Purchase_product/click_Cart' is visible

2023-09-24 17:12:05 - [TEST_STEP][PASSED] - click(findTestObject("Obj Spy/Purchase_product/click_Cart")): Object: 'Object Repository/Obj Spy/Purchase_product/click_Cart' is clicked on

2023-09-24 17:12:06 - [MESSAGE][PASSED] - Object: 'Object Repository/Obj Spy/Purchase_product/click_Cart' is clicked on

2023-09-24 17:12:06 - [TEST_STEP][PASSED] - waitForElementVisible(findTestObject("Obj Spy/Purchase_product/lbl_Cart"), 0): Object 'Object Repository/Obj Spy/Purchase_product/lbl_Cart' is visible

2023-09-24 17:12:06 - [MESSAGE][WARNING] - Timeout '0' is invalid. Using default page load timeout: '10'

2023-09-24 17:12:07 - [MESSAGE][PASSED] - Object 'Object Repository/Obj Spy/Purchase_product/lbl_Cart' is visible

2023-09-24 17:12:07 - [TEST_STEP][PASSED] - click(findTestObject("Obj Spy/Purchase_product/btn_PlaceOrder")): Object: 'Object Repository/Obj Spy/Purchase_product/btn_PlaceOrder' is clicked on

2023-09-24 17:12:08 - [MESSAGE][PASSED] - Object: 'Object Repository/Obj Spy/Purchase_product/btn_PlaceOrder' is clicked on

2023-09-24 17:12:08 - [TEST_STEP][PASSED] - waitForElementVisible(findTestObject("Obj Spy/Purchase_product/lbl_PlaceOrder"), 0): Object 'Object Repository/Obj Spy/Purchase_product/lbl_PlaceOrder' is visible

2023-09-24 17:12:08 - [MESSAGE][WARNING] - Timeout '0' is invalid. Using default page load timeout: '10'

2023-09-24 17:12:08 - [MESSAGE][PASSED] - Object 'Object Repository/Obj Spy/Purchase_product/lbl_PlaceOrder' is visible

2023-09-24 17:12:08 - [TEST_STEP][PASSED] - setText(findTestObject("Obj Spy/Purchase_product/inpt_Name"), customer_name): Text 'lex' is set on object 'Object Repository/Obj Spy/Purchase_product/inpt_Name'

2023-09-24 17:12:09 - [MESSAGE][PASSED] - Text 'lex' is set on object 'Object Repository/Obj Spy/Purchase_product/inpt_Name'

2023-09-24 17:12:09 - [TEST_STEP][PASSED] - setText(findTestObject("Obj Spy/Purchase_product/inpt_Country"), customer_country): Text 'spain' is set on object 'Object Repository/Obj Spy/Purchase_product/inpt_Country'

2023-09-24 17:12:09 - [MESSAGE][PASSED] - Text 'spain' is set on object 'Object Repository/Obj Spy/Purchase_product/inpt_Country'

2023-09-24 17:12:09 - [TEST_STEP][PASSED] - setText(findTestObject("Obj Spy/Purchase_product/inpt_City"), customer_city): Text 'madrid' is set on object 'Object Repository/Obj Spy/Purchase_product/inpt_City'

2023-09-24 17:12:10 - [MESSAGE][PASSED] - Text 'madrid' is set on object 'Object Repository/Obj Spy/Purchase_product/inpt_City'

2023-09-24 17:12:10 - [TEST_STEP][PASSED] - setText(findTestObject("Obj Spy/Purchase_product/inpt_CreditCard"), customer_creditCard): Text '0102030405' is set on object 'Object Repository/Obj Spy/Purchase_product/inpt_CreditCard'

2023-09-24 17:12:11 - [MESSAGE][PASSED] - Text '0102030405' is set on object 'Object Repository/Obj Spy/Purchase_product/inpt_CreditCard'

2023-09-24 17:12:11 - [TEST_STEP][PASSED] - setText(findTestObject("Obj Spy/Purchase_product/inpt_Month"), customer_month): Text 'may' is set on object 'Object Repository/Obj Spy/Purchase_product/inpt_Month'

2023-09-24 17:12:11 - [MESSAGE][PASSED] - Text 'may' is set on object 'Object Repository/Obj Spy/Purchase_product/inpt_Month'

2023-09-24 17:12:11 - [TEST_STEP][PASSED] - setText(findTestObject("Obj Spy/Purchase_product/inpt_Year"), customer_year): Text '2023' is set on object 'Object Repository/Obj Spy/Purchase_product/inpt_Year'

2023-09-24 17:12:12 - [MESSAGE][PASSED] - Text '2023' is set on object 'Object Repository/Obj Spy/Purchase_product/inpt_Year'

2023-09-24 17:12:12 - [TEST_STEP][PASSED] - click(findTestObject("Obj Spy/Purchase_product/button_Purchase")): Object: 'Object Repository/Obj Spy/Purchase_product/button_Purchase' is clicked on

2023-09-24 17:12:13 - [MESSAGE][PASSED] - Object: 'Object Repository/Obj Spy/Purchase_product/button_Purchase' is clicked on

2023-09-24 17:12:13 - [TEST_STEP][PASSED] - waitForElementVisible(findTestObject("Obj Spy/Purchase_product/button_Purchase"), 0): Object 'Object Repository/Obj Spy/Purchase_product/button_Purchase' is visible

2023-09-24 17:12:13 - [MESSAGE][WARNING] - Timeout '0' is invalid. Using default page load timeout: '10'

2023-09-24 17:12:13 - [MESSAGE][PASSED] - Object 'Object Repository/Obj Spy/Purchase_product/button_Purchase' is visible

2023-09-24 17:12:13 - [TEST_STEP][PASSED] - verifyElementPresent(findTestObject("Obj Spy/Purchase_product/button_Purchase"), 0): Object 'Object Repository/Obj Spy/Purchase_product/button_Purchase' is present

2023-09-24 17:12:13 - [MESSAGE][WARNING] - Timeout '0' is invalid. Using default page load timeout: '10'

2023-09-24 17:12:14 - [MESSAGE][PASSED] - Object 'Object Repository/Obj Spy/Purchase_product/button_Purchase' is present

2023-09-24 17:12:14 - [TEST_STEP][PASSED] - closeBrowser(): Browser is closed

2023-09-24 17:12:15 - [MESSAGE][PASSED] - Browser is closed]]></system-out>
         <system-err><![CDATA[]]></system-err>
      </testcase>
      <testcase name="Test Cases/TC_QuizWeek3/TestScenarios_QuizWeek3/DemoBlaze_PurchaseProduct/TC_PurchaseProduct_Positive-Case" time="19.262" classname="Test Cases/TC_QuizWeek3/TestScenarios_QuizWeek3/DemoBlaze_PurchaseProduct/TC_PurchaseProduct_Positive-Case" status="PASSED">
         <system-out><![CDATA[2023-09-24 17:12:15 - [TEST_CASE][PASSED] - Test Cases/TC_QuizWeek3/TestScenarios_QuizWeek3/DemoBlaze_PurchaseProduct/TC_PurchaseProduct_Positive-Case: Test Cases/TC_QuizWeek3/TestScenarios_QuizWeek3/DemoBlaze_PurchaseProduct/TC_PurchaseProduct_Positive-Case

2023-09-24 17:12:15 - [TEST_STEP][PASSED] - openBrowser(baseURL): Browser is opened with url: 'https://demoblaze.com/'

2023-09-24 17:12:15 - [MESSAGE][INFO] - Starting 'Firefox' driver

2023-09-24 17:12:15 - [MESSAGE][INFO] - Action delay is set to 0 milliseconds

2023-09-24 17:12:20 - [MESSAGE][PASSED] - Browser is opened with url: 'https://demoblaze.com/'

2023-09-24 17:12:20 - [TEST_STEP][PASSED] - setViewPortSize(ViewPortWidth, ViewPortHeight): Viewport is set to new size with width = 1500 and height = 880

2023-09-24 17:12:20 - [MESSAGE][PASSED] - Viewport is set to new size with width = 1500 and height = 880

2023-09-24 17:12:20 - [TEST_STEP][PASSED] - click(findTestObject("Obj Spy/Purchase_product/addProduct_SamsungS6")): Object: 'Object Repository/Obj Spy/Purchase_product/addProduct_SamsungS6' is clicked on

2023-09-24 17:12:22 - [MESSAGE][PASSED] - Object: 'Object Repository/Obj Spy/Purchase_product/addProduct_SamsungS6' is clicked on

2023-09-24 17:12:22 - [TEST_STEP][PASSED] - waitForElementVisible(findTestObject("Obj Spy/Purchase_product/lbl_Product"), 0): Object 'Object Repository/Obj Spy/Purchase_product/lbl_Product' is visible

2023-09-24 17:12:22 - [MESSAGE][WARNING] - Timeout '0' is invalid. Using default page load timeout: '10'

2023-09-24 17:12:23 - [MESSAGE][PASSED] - Object 'Object Repository/Obj Spy/Purchase_product/lbl_Product' is visible

2023-09-24 17:12:23 - [TEST_STEP][PASSED] - click(findTestObject("Obj Spy/Purchase_product/click_AddToCart")): Object: 'Object Repository/Obj Spy/Purchase_product/click_AddToCart' is clicked on

2023-09-24 17:12:24 - [MESSAGE][PASSED] - Object: 'Object Repository/Obj Spy/Purchase_product/click_AddToCart' is clicked on

2023-09-24 17:12:24 - [TEST_STEP][PASSED] - waitForElementVisible(findTestObject("Obj Spy/Purchase_product/click_Cart"), 0): Object 'Object Repository/Obj Spy/Purchase_product/click_Cart' is visible

2023-09-24 17:12:24 - [MESSAGE][WARNING] - Timeout '0' is invalid. Using default page load timeout: '10'

2023-09-24 17:12:24 - [MESSAGE][PASSED] - Object 'Object Repository/Obj Spy/Purchase_product/click_Cart' is visible

2023-09-24 17:12:24 - [TEST_STEP][PASSED] - click(findTestObject("Obj Spy/Purchase_product/click_Cart")): Object: 'Object Repository/Obj Spy/Purchase_product/click_Cart' is clicked on

2023-09-24 17:12:25 - [MESSAGE][PASSED] - Object: 'Object Repository/Obj Spy/Purchase_product/click_Cart' is clicked on

2023-09-24 17:12:25 - [TEST_STEP][PASSED] - waitForElementVisible(findTestObject("Obj Spy/Purchase_product/lbl_Cart"), 0): Object 'Object Repository/Obj Spy/Purchase_product/lbl_Cart' is visible

2023-09-24 17:12:25 - [MESSAGE][WARNING] - Timeout '0' is invalid. Using default page load timeout: '10'

2023-09-24 17:12:26 - [MESSAGE][PASSED] - Object 'Object Repository/Obj Spy/Purchase_product/lbl_Cart' is visible

2023-09-24 17:12:26 - [TEST_STEP][PASSED] - click(findTestObject("Obj Spy/Purchase_product/btn_PlaceOrder")): Object: 'Object Repository/Obj Spy/Purchase_product/btn_PlaceOrder' is clicked on

2023-09-24 17:12:27 - [MESSAGE][PASSED] - Object: 'Object Repository/Obj Spy/Purchase_product/btn_PlaceOrder' is clicked on

2023-09-24 17:12:27 - [TEST_STEP][PASSED] - waitForElementVisible(findTestObject("Obj Spy/Purchase_product/lbl_PlaceOrder"), 0): Object 'Object Repository/Obj Spy/Purchase_product/lbl_PlaceOrder' is visible

2023-09-24 17:12:27 - [MESSAGE][WARNING] - Timeout '0' is invalid. Using default page load timeout: '10'

2023-09-24 17:12:27 - [MESSAGE][PASSED] - Object 'Object Repository/Obj Spy/Purchase_product/lbl_PlaceOrder' is visible

2023-09-24 17:12:27 - [TEST_STEP][PASSED] - setText(findTestObject("Obj Spy/Purchase_product/inpt_Name"), customer_name): Text 'lex' is set on object 'Object Repository/Obj Spy/Purchase_product/inpt_Name'

2023-09-24 17:12:28 - [MESSAGE][PASSED] - Text 'lex' is set on object 'Object Repository/Obj Spy/Purchase_product/inpt_Name'

2023-09-24 17:12:28 - [TEST_STEP][PASSED] - setText(findTestObject("Obj Spy/Purchase_product/inpt_Country"), customer_country): Text 'spain' is set on object 'Object Repository/Obj Spy/Purchase_product/inpt_Country'

2023-09-24 17:12:29 - [MESSAGE][PASSED] - Text 'spain' is set on object 'Object Repository/Obj Spy/Purchase_product/inpt_Country'

2023-09-24 17:12:29 - [TEST_STEP][PASSED] - setText(findTestObject("Obj Spy/Purchase_product/inpt_City"), customer_city): Text 'madrid' is set on object 'Object Repository/Obj Spy/Purchase_product/inpt_City'

2023-09-24 17:12:29 - [MESSAGE][PASSED] - Text 'madrid' is set on object 'Object Repository/Obj Spy/Purchase_product/inpt_City'

2023-09-24 17:12:29 - [TEST_STEP][PASSED] - setText(findTestObject("Obj Spy/Purchase_product/inpt_CreditCard"), customer_creditCard): Text '0102030405' is set on object 'Object Repository/Obj Spy/Purchase_product/inpt_CreditCard'

2023-09-24 17:12:30 - [MESSAGE][PASSED] - Text '0102030405' is set on object 'Object Repository/Obj Spy/Purchase_product/inpt_CreditCard'

2023-09-24 17:12:30 - [TEST_STEP][PASSED] - setText(findTestObject("Obj Spy/Purchase_product/inpt_Month"), customer_month): Text 'may' is set on object 'Object Repository/Obj Spy/Purchase_product/inpt_Month'

2023-09-24 17:12:31 - [MESSAGE][PASSED] - Text 'may' is set on object 'Object Repository/Obj Spy/Purchase_product/inpt_Month'

2023-09-24 17:12:31 - [TEST_STEP][PASSED] - setText(findTestObject("Obj Spy/Purchase_product/inpt_Year"), customer_year): Text '2023' is set on object 'Object Repository/Obj Spy/Purchase_product/inpt_Year'

2023-09-24 17:12:31 - [MESSAGE][PASSED] - Text '2023' is set on object 'Object Repository/Obj Spy/Purchase_product/inpt_Year'

2023-09-24 17:12:31 - [TEST_STEP][PASSED] - click(findTestObject("Obj Spy/Purchase_product/button_Purchase")): Object: 'Object Repository/Obj Spy/Purchase_product/button_Purchase' is clicked on

2023-09-24 17:12:32 - [MESSAGE][PASSED] - Object: 'Object Repository/Obj Spy/Purchase_product/button_Purchase' is clicked on

2023-09-24 17:12:32 - [TEST_STEP][PASSED] - waitForElementVisible(findTestObject("Obj Spy/Purchase_product/button_Purchase"), 0): Object 'Object Repository/Obj Spy/Purchase_product/button_Purchase' is visible

2023-09-24 17:12:32 - [MESSAGE][WARNING] - Timeout '0' is invalid. Using default page load timeout: '10'

2023-09-24 17:12:33 - [MESSAGE][PASSED] - Object 'Object Repository/Obj Spy/Purchase_product/button_Purchase' is visible

2023-09-24 17:12:33 - [TEST_STEP][PASSED] - verifyElementPresent(findTestObject("Obj Spy/Purchase_product/button_Purchase"), 0): Object 'Object Repository/Obj Spy/Purchase_product/button_Purchase' is present

2023-09-24 17:12:33 - [MESSAGE][WARNING] - Timeout '0' is invalid. Using default page load timeout: '10'

2023-09-24 17:12:33 - [MESSAGE][PASSED] - Object 'Object Repository/Obj Spy/Purchase_product/button_Purchase' is present

2023-09-24 17:12:33 - [TEST_STEP][PASSED] - closeBrowser(): Browser is closed

2023-09-24 17:12:34 - [MESSAGE][PASSED] - Browser is closed]]></system-out>
         <system-err><![CDATA[]]></system-err>
      </testcase>
      <system-out><![CDATA[2023-09-24 17:11:35 - [TEST_SUITE][PASSED] - TS_PurchaseProduct_DDT: Test Cases/TC_QuizWeek3/TestScenarios_QuizWeek3/DemoBlaze_PurchaseProduct/TC_PurchaseProduct_Positive-Case]]></system-out>
      <system-err><![CDATA[]]></system-err>
   </testsuite>
</testsuites>
